TN:verilator_coverage
SF:/home/heke/ysyx/uc4xs_newcomer/cache-ut/Cache/Cache.v
FNF:0
FNH:0
DA:2,10
DA:3,7
DA:4,1
DA:5,1
DA:6,1
DA:7,2
DA:8,1
DA:9,0
DA:10,13
DA:11,7
DA:12,1
DA:13,1
DA:14,1
DA:15,2
DA:16,1
DA:17,0
DA:18,2
DA:19,9
DA:20,1
DA:21,1
DA:22,2
DA:23,0
DA:24,1
DA:25,1
DA:26,0
DA:27,1
DA:28,1
DA:29,1
DA:30,0
DA:31,1
DA:32,0
DA:33,1
DA:34,9
DA:35,1
DA:36,1
DA:37,1
DA:38,1
DA:39,1
DA:56,327
DA:57,3
DA:58,13
DA:59,7
DA:60,1
DA:61,1
DA:62,2
DA:63,2
DA:64,2
DA:65,1
DA:66,150
DA:67,7
DA:68,1
DA:69,1
DA:70,2
DA:71,2
DA:72,2
DA:73,1
DA:74,1
DA:75,1
DA:76,1
DA:77,0
DA:78,1
DA:79,1
DA:80,0
DA:81,1
DA:82,1
DA:83,1
DA:84,1
DA:85,1
DA:86,1
DA:87,0
DA:88,1
DA:89,0
DA:90,1
DA:91,0
DA:92,1
DA:93,2
DA:94,0
DA:95,1
DA:96,1
DA:97,0
DA:98,1
DA:99,1
DA:100,1
DA:101,0
DA:102,1
DA:103,0
DA:104,1
DA:105,1
DA:106,1
DA:107,1
DA:108,0
DA:109,1
DA:110,1
DA:111,4
DA:112,1
DA:113,1
DA:114,1
DA:115,0
DA:116,1
DA:128,1
DA:129,2
DA:130,0
DA:131,0
DA:132,1
DA:137,1
DA:138,0
DA:139,1
DA:143,0
DA:144,0
DA:145,1
DA:146,1
DA:147,0
DA:149,1
DA:150,1
DA:152,1
DA:153,1
DA:155,1
DA:156,1
DA:158,0
DA:159,1
DA:164,0
DA:165,78
DA:166,80
DA:169,42
DA:174,1
DA:175,0
DA:180,1
DA:182,0
DA:194,0
DA:195,1
DA:197,0
DA:198,0
DA:227,164
DA:228,2
DA:229,2
DA:230,17
DA:231,145
DA:232,17
DA:233,17
DA:235,164
DA:236,0
DA:238,164
DA:239,0
DA:241,164
DA:242,0
DA:244,2
DA:245,2
DA:246,162
DA:247,0
DA:248,162
DA:249,162
DA:251,2
DA:252,2
DA:253,17
DA:254,145
DA:255,17
DA:256,17
DA:258,164
DA:259,0
DA:261,164
DA:262,0
DA:268,0
DA:269,0
DA:280,164
DA:311,1
DA:349,0
DA:350,1
DA:351,1
DA:352,1
DA:353,0
DA:354,1
DA:355,1
DA:356,3
DA:357,1
DA:358,0
DA:359,1
DA:360,1
DA:361,4
DA:362,1
DA:364,0
DA:372,1
DA:373,1
DA:374,1
DA:375,1
DA:376,0
DA:377,1
DA:378,0
DA:379,1
DA:380,1
DA:381,1
DA:382,0
DA:383,1
DA:385,1
DA:392,327
DA:393,3
DA:394,150
DA:395,7
DA:396,1
DA:397,1
DA:398,1
DA:399,2
DA:400,1
DA:401,0
DA:402,1
DA:403,1
DA:404,1
DA:405,1
DA:406,2
DA:407,2
DA:408,0
DA:409,0
DA:410,0
DA:411,1
DA:412,1
DA:413,2
DA:414,0
DA:415,1
DA:416,1
DA:417,1
DA:418,1
DA:419,1
DA:420,161
DA:421,6
DA:422,1
DA:423,1
DA:424,0
DA:425,11
DA:426,1
DA:427,9
DA:428,1
DA:429,1
DA:430,1
DA:431,2
DA:432,1
DA:433,0
DA:434,1
DA:435,1
DA:436,0
DA:437,1
DA:438,0
DA:439,1
DA:440,1
DA:441,4
DA:442,1
DA:443,0
DA:444,1
DA:445,2
DA:446,1
DA:447,1
DA:448,1
DA:449,0
DA:450,1
DA:451,1
DA:452,7
DA:453,7
DA:454,1
DA:455,1
DA:456,1
DA:457,2
DA:458,1
DA:459,1
DA:460,7
DA:461,1
DA:462,1
DA:463,1
DA:464,1
DA:465,1
DA:466,1
DA:485,0
DA:486,1
DA:487,1
DA:488,1
DA:489,0
DA:490,1
DA:491,1
DA:492,3
DA:493,1
DA:494,0
DA:495,1
DA:496,1
DA:497,4
DA:498,1
DA:499,1
DA:500,1
DA:501,1
DA:502,1
DA:503,0
DA:504,1
DA:505,0
DA:506,1
DA:507,1
DA:508,1
DA:509,0
DA:510,1
DA:511,1
DA:512,1
DA:513,8
DA:514,1
DA:515,7
DA:517,0
DA:519,0
DA:520,1
DA:528,1
DA:530,1
DA:538,1
DA:549,2
DA:550,0
DA:558,1
DA:563,0
DA:564,1
DA:565,1
DA:567,1
DA:568,0
DA:569,1
DA:574,1
DA:575,0
DA:576,1
DA:577,0
DA:589,1
DA:590,2
DA:594,0
DA:596,2
DA:597,7
DA:601,1
DA:603,1
DA:607,1
DA:608,1
DA:610,1
DA:613,1
DA:615,2
DA:616,1
DA:618,0
DA:672,0
DA:673,0
DA:769,164
DA:770,2
DA:771,2
DA:772,145
DA:773,145
DA:774,6
DA:775,6
DA:776,3
DA:777,3
DA:778,8
DA:779,8
DA:781,2
DA:782,2
DA:783,145
DA:784,0
DA:785,0
DA:786,0
DA:788,145
DA:789,0
DA:790,145
DA:791,145
DA:793,6
DA:794,3
DA:795,3
DA:797,3
DA:798,3
DA:799,8
DA:800,8
DA:802,2
DA:803,2
DA:804,162
DA:805,0
DA:806,162
DA:807,162
DA:809,2
DA:810,2
DA:811,145
DA:812,0
DA:813,0
DA:814,0
DA:816,145
DA:817,0
DA:819,6
DA:820,3
DA:821,8
DA:824,2
DA:825,2
DA:826,17
DA:827,6
DA:828,3
DA:829,8
DA:833,2
DA:834,2
DA:835,161
DA:836,161
DA:837,0
DA:839,0
DA:840,0
DA:841,0
DA:842,1
DA:844,164
DA:845,0
DA:847,164
DA:848,0
DA:850,164
DA:851,0
DA:853,164
DA:854,0
DA:856,2
DA:857,2
DA:858,145
DA:859,145
DA:860,6
DA:861,3
DA:862,8
DA:865,2
DA:866,2
DA:867,17
DA:868,145
DA:869,17
DA:870,17
DA:872,3
DA:873,0
DA:874,3
DA:875,0
DA:876,0
DA:879,2
DA:880,2
DA:881,162
DA:882,0
DA:884,2
DA:885,2
DA:886,162
DA:887,0
DA:893,0
DA:894,0
DA:906,164
DA:917,0
DA:918,0
DA:930,164
DA:941,0
DA:942,0
DA:954,164
DA:965,0
DA:966,0
DA:978,164
DA:1009,1
DA:1061,327
DA:1062,3
DA:1063,2
DA:1064,9
DA:1065,1
DA:1066,1
DA:1067,1
DA:1068,1
DA:1069,1
DA:1070,1
DA:1071,0
DA:1072,1
DA:1073,0
DA:1074,0
DA:1075,2
DA:1076,0
DA:1077,1
DA:1078,0
DA:1079,1
DA:1080,1
DA:1081,4
DA:1082,1
DA:1103,8
DA:1104,1
DA:1105,0
DA:1106,0
DA:1107,3
DA:1108,2
DA:1109,2
DA:1110,8
DA:1111,1
DA:1113,8
DA:1114,0
DA:1115,1
DA:1116,0
DA:1117,3
DA:1118,2
DA:1119,2
DA:1120,8
DA:1121,0
DA:1123,7
DA:1124,1
DA:1125,0
DA:1126,0
DA:1127,3
DA:1128,1
DA:1129,2
DA:1130,7
DA:1131,1
DA:1133,7
DA:1134,0
DA:1135,1
DA:1136,0
DA:1137,3
DA:1138,3
DA:1139,2
DA:1140,7
DA:1141,0
DA:1142,1
DA:1143,3
DA:1144,2
DA:1146,2
DA:1148,2
DA:1151,1
DA:1197,164
DA:1198,33
DA:1199,131
DA:1201,164
DA:1202,4
DA:1203,4
DA:1205,33
DA:1206,131
DA:1208,164
DA:1209,4
DA:1210,4
DA:1212,33
DA:1213,131
DA:1215,164
DA:1216,4
DA:1217,4
DA:1219,33
DA:1220,131
DA:1222,164
DA:1223,4
DA:1224,4
DA:1226,164
DA:1227,2
DA:1228,2
DA:1229,33
DA:1230,129
DA:1256,1
DA:1312,2
DA:1313,9
DA:1314,1
DA:1315,2
DA:1316,9
DA:1317,1
DA:1324,327
DA:1325,3
DA:1326,2
DA:1327,9
DA:1328,1
DA:1329,1
DA:1330,2
DA:1331,0
DA:1332,1
DA:1333,1
DA:1334,0
DA:1335,1
DA:1336,1
DA:1337,1
DA:1338,0
DA:1339,1
DA:1340,0
DA:1341,0
DA:1342,1
DA:1343,1
DA:1344,4
DA:1345,1
DA:1362,327
DA:1363,3
DA:1364,2
DA:1365,9
DA:1366,1
DA:1367,1
DA:1368,1
DA:1369,1
DA:1370,1
DA:1371,1
DA:1372,0
DA:1373,1
DA:1374,0
DA:1375,0
DA:1376,2
DA:1377,0
DA:1378,1
DA:1379,0
DA:1380,1
DA:1381,1
DA:1382,4
DA:1383,1
DA:1384,2
DA:1385,9
DA:1386,1
DA:1387,2
DA:1388,9
DA:1389,1
DA:1390,6
DA:1391,1
DA:1392,1
DA:1393,1
DA:1394,1
DA:1395,1
DA:1396,1
DA:1397,1
DA:1398,1
DA:1399,2
DA:1400,0
DA:1401,1
DA:1402,1
DA:1460,164
DA:1461,164
DA:1462,2
DA:1463,2
DA:1464,4
DA:1465,4
DA:1467,2
DA:1468,2
DA:1469,4
DA:1470,4
DA:1472,2
DA:1473,2
DA:1474,4
DA:1475,4
DA:1477,2
DA:1478,2
DA:1479,4
DA:1480,4
DA:1482,2
DA:1483,2
DA:1484,4
DA:1485,4
DA:1487,2
DA:1488,2
DA:1489,4
DA:1490,4
DA:1492,2
DA:1493,2
DA:1494,4
DA:1495,4
DA:1497,2
DA:1498,2
DA:1499,4
DA:1500,4
DA:1502,2
DA:1503,2
DA:1504,4
DA:1505,4
DA:1507,2
DA:1508,2
DA:1509,4
DA:1510,4
DA:1512,2
DA:1513,2
DA:1514,4
DA:1515,4
DA:1517,2
DA:1518,2
DA:1519,4
DA:1520,4
DA:1546,1
DA:1594,327
DA:1595,1
DA:1596,8
DA:1597,1
DA:1598,0
DA:1599,1
DA:1600,1
DA:1601,1
DA:1602,1
DA:1603,1
DA:1604,0
DA:1605,1
DA:1624,8
DA:1625,1
DA:1626,0
DA:1627,0
DA:1628,1
DA:1629,2
DA:1630,1
DA:1631,8
DA:1632,1
DA:1634,8
DA:1635,1
DA:1636,1
DA:1637,0
DA:1638,1
DA:1639,0
DA:1640,1
DA:1641,8
DA:1642,1
DA:1644,6
DA:1645,1
DA:1646,1
DA:1647,0
DA:1648,1
DA:1649,1
DA:1650,1
DA:1651,6
DA:1652,1
DA:1654,8
DA:1655,1
DA:1656,1
DA:1657,0
DA:1658,1
DA:1659,1
DA:1660,1
DA:1661,8
DA:1662,1
DA:1697,164
DA:1698,164
DA:1699,0
DA:1701,164
DA:1702,4
DA:1703,4
DA:1705,164
DA:1706,0
DA:1708,164
DA:1709,4
DA:1710,4
DA:1712,164
DA:1713,0
DA:1715,164
DA:1716,4
DA:1717,4
DA:1719,164
DA:1720,0
DA:1722,164
DA:1723,4
DA:1724,4
DA:1750,1
DA:1802,1
DA:1803,9
DA:1804,1
DA:1805,9
DA:1806,1
DA:1807,1
DA:1808,1
DA:1809,8
DA:1810,1
DA:1812,8
DA:1819,327
DA:1820,3
DA:1821,1
DA:1822,9
DA:1823,1
DA:1824,1
DA:1825,1
DA:1826,1
DA:1827,1
DA:1828,9
DA:1829,1
DA:1830,1
DA:1831,1
DA:1832,2
DA:1833,1
DA:1834,0
DA:1835,1
DA:1836,1
DA:1837,0
DA:1838,1
DA:1852,327
DA:1853,1
DA:1854,8
DA:1855,1
DA:1856,0
DA:1857,1
DA:1858,1
DA:1859,1
DA:1860,1
DA:1861,1
DA:1862,0
DA:1863,1
DA:1864,1
DA:1865,9
DA:1866,1
DA:1867,9
DA:1868,1
DA:1869,1
DA:1870,1
DA:1871,8
DA:1872,1
DA:1873,6
DA:1874,1
DA:1875,1
DA:1876,1
DA:1877,1
DA:1878,0
DA:1879,1
DA:1880,1
DA:1881,0
DA:1882,1
DA:1930,164
DA:1931,164
DA:1932,2
DA:1933,2
DA:1934,4
DA:1935,4
DA:1937,2
DA:1938,2
DA:1939,4
DA:1940,4
DA:1942,2
DA:1943,2
DA:1944,4
DA:1945,4
DA:1947,2
DA:1948,2
DA:1949,4
DA:1950,4
DA:1952,164
DA:1953,2
DA:1954,2
DA:1955,162
DA:1956,0
DA:1958,2
DA:1959,2
DA:1960,162
DA:1961,0
DA:1963,2
DA:1964,2
DA:1965,162
DA:1966,0
DA:1968,2
DA:1969,2
DA:1970,162
DA:1971,0
DA:1997,1
DA:2039,10
DA:2040,1
DA:2041,1
DA:2042,1
DA:2043,1
DA:2044,1
DA:2045,1
DA:2046,10
DA:2047,7
DA:2048,1
DA:2049,1
DA:2050,0
DA:2051,2
DA:2052,1
DA:2053,1
DA:2054,10
DA:2055,7
DA:2056,1
DA:2057,1
DA:2058,1
DA:2059,2
DA:2060,1
DA:2061,0
DA:2063,0
DA:2075,327
DA:2076,3
DA:2077,10
DA:2078,7
DA:2079,1
DA:2080,1
DA:2081,0
DA:2082,2
DA:2083,1
DA:2084,1
DA:2085,161
DA:2086,7
DA:2087,1
DA:2088,1
DA:2089,0
DA:2090,1
DA:2091,0
DA:2092,1
DA:2093,2
DA:2094,1
DA:2095,1
DA:2096,1
DA:2097,1
DA:2098,1
DA:2099,0
DA:2100,1
DA:2101,1
DA:2102,10
DA:2103,1
DA:2104,1
DA:2105,1
DA:2106,1
DA:2107,1
DA:2108,1
DA:2109,1
DA:2110,1
DA:2111,1
DA:2112,1
DA:2113,7
DA:2114,7
DA:2115,1
DA:2116,1
DA:2117,1
DA:2118,2
DA:2119,1
DA:2120,1
DA:2121,7
DA:2122,1
DA:2123,1
DA:2124,4
DA:2160,10
DA:2161,7
DA:2162,1
DA:2163,1
DA:2164,1
DA:2165,2
DA:2166,1
DA:2167,0
DA:2168,13
DA:2169,7
DA:2170,1
DA:2171,1
DA:2172,1
DA:2173,2
DA:2174,1
DA:2175,0
DA:2176,2
DA:2177,9
DA:2178,1
DA:2179,1
DA:2180,2
DA:2181,0
DA:2182,1
DA:2183,1
DA:2184,0
DA:2185,1
DA:2186,1
DA:2187,1
DA:2188,0
DA:2189,1
DA:2190,0
DA:2191,1
DA:2192,9
DA:2193,1
DA:2194,1
DA:2195,1
DA:2196,1
DA:2197,1
DA:2198,327
DA:2199,3
DA:2200,13
DA:2201,7
DA:2202,1
DA:2203,1
DA:2204,2
DA:2205,2
DA:2206,2
DA:2207,1
DA:2208,150
DA:2209,7
DA:2210,1
DA:2211,1
DA:2212,2
DA:2213,2
DA:2214,2
DA:2215,1
DA:2216,1
DA:2217,1
DA:2218,1
DA:2219,0
DA:2220,1
DA:2221,1
DA:2222,0
DA:2223,1
DA:2224,1
DA:2225,1
DA:2226,1
DA:2227,1
DA:2228,1
DA:2229,0
DA:2230,1
DA:2231,0
DA:2232,1
DA:2233,0
DA:2234,1
DA:2235,2
DA:2236,0
DA:2237,1
DA:2238,1
DA:2239,0
DA:2240,1
DA:2241,1
DA:2242,1
DA:2243,0
DA:2244,1
DA:2245,0
DA:2246,1
DA:2247,1
DA:2248,1
DA:2249,1
DA:2250,0
DA:2251,1
DA:2252,1
DA:2253,4
DA:2254,1
DA:2255,1
DA:2256,1
DA:2257,0
DA:2258,1
DA:2259,327
DA:2260,3
DA:2261,150
DA:2262,7
DA:2263,1
DA:2264,1
DA:2265,1
DA:2266,2
DA:2267,1
DA:2268,0
DA:2269,1
DA:2270,1
DA:2271,1
DA:2272,1
DA:2273,2
DA:2274,2
DA:2275,0
DA:2276,0
DA:2277,0
DA:2278,1
DA:2279,1
DA:2280,2
DA:2281,0
DA:2282,1
DA:2283,1
DA:2284,1
DA:2285,1
DA:2286,1
DA:2287,161
DA:2288,6
DA:2289,1
DA:2290,1
DA:2291,0
DA:2292,11
DA:2293,1
DA:2294,9
DA:2295,1
DA:2296,1
DA:2297,1
DA:2298,2
DA:2299,1
DA:2300,0
DA:2301,1
DA:2302,1
DA:2303,0
DA:2304,1
DA:2305,0
DA:2306,1
DA:2307,1
DA:2308,4
DA:2309,1
DA:2310,0
DA:2311,1
DA:2312,2
DA:2313,1
DA:2314,1
DA:2315,1
DA:2316,0
DA:2317,1
DA:2318,1
DA:2319,7
DA:2320,7
DA:2321,1
DA:2322,1
DA:2323,1
DA:2324,2
DA:2325,1
DA:2326,1
DA:2327,7
DA:2328,1
DA:2329,1
DA:2330,1
DA:2331,1
DA:2332,1
DA:2333,1
DA:2334,327
DA:2335,3
DA:2336,2
DA:2337,9
DA:2338,1
DA:2339,1
DA:2340,2
DA:2341,0
DA:2342,1
DA:2343,1
DA:2344,0
DA:2345,1
DA:2346,1
DA:2347,1
DA:2348,0
DA:2349,1
DA:2350,0
DA:2351,0
DA:2352,1
DA:2353,1
DA:2354,4
DA:2355,1
DA:2356,327
DA:2357,3
DA:2358,1
DA:2359,9
DA:2360,1
DA:2361,1
DA:2362,1
DA:2363,1
DA:2364,1
DA:2365,9
DA:2366,1
DA:2367,1
DA:2368,1
DA:2369,2
DA:2370,1
DA:2371,0
DA:2372,1
DA:2373,1
DA:2374,0
DA:2375,1
DA:2376,10
DA:2377,1
DA:2378,1
DA:2379,1
DA:2380,1
DA:2381,1
DA:2382,1
DA:2383,10
DA:2384,7
DA:2385,1
DA:2386,1
DA:2387,0
DA:2388,2
DA:2389,1
DA:2390,1
DA:2391,10
DA:2392,7
DA:2393,1
DA:2394,1
DA:2395,1
DA:2396,2
DA:2397,1
DA:2398,0
DA:2400,7
DA:2404,1
DA:2405,1
DA:2406,2
DA:2407,2
DA:2408,2
DA:2409,1
DA:2410,7
DA:2414,1
DA:2415,1
DA:2416,1
DA:2417,2
DA:2418,1
DA:2419,0
DA:2420,1
DA:2421,1
DA:2422,1
DA:2423,1
DA:2424,2
DA:2425,2
DA:2426,0
DA:2427,0
DA:2428,0
DA:2429,1
DA:2430,1
DA:2431,2
DA:2432,0
DA:2433,1
DA:2434,1
DA:2435,1
DA:2436,1
DA:2437,1
DA:2852,164
DA:2853,2
DA:2854,2
DA:2855,1
DA:2856,1
DA:2857,161
DA:2858,161
DA:2860,4
DA:2861,4
DA:2863,4
DA:2864,4
DA:2866,4
DA:2867,4
DA:2869,4
DA:2870,4
DA:2872,4
DA:2873,4
DA:2875,4
DA:2876,4
DA:2878,2
DA:2879,2
DA:2880,162
DA:2881,0
DA:2882,162
DA:2883,162
DA:2885,4
DA:2886,4
DA:2888,4
DA:2889,4
DA:2891,4
DA:2892,4
DA:2894,4
DA:2895,4
DA:2897,4
DA:2898,4
DA:2900,4
DA:2901,4
DA:2903,4
DA:2904,4
DA:2906,4
DA:2907,4
DA:2909,4
DA:2910,4
DA:2912,4
DA:2913,4
DA:2915,4
DA:2916,4
DA:2918,4
DA:2919,4
DA:2921,4
DA:2922,4
DA:2924,4
DA:2925,4
DA:2927,4
DA:2928,4
DA:2930,4
DA:2931,4
DA:2933,4
DA:2934,4
DA:2936,4
DA:2937,4
DA:2939,4
DA:2940,4
DA:2942,4
DA:2943,4
DA:2945,4
DA:2946,4
DA:2948,4
DA:2949,4
DA:2951,4
DA:2952,4
DA:2954,4
DA:2955,4
DA:2981,1
LF:1238
LH:1037
end_of_record
TN:verilator_coverage
SF:/home/heke/ysyx/uc4xs_newcomer/cache-ut/Cache/Cache_top.sv
FNF:0
FNH:0
DA:4,327
DA:5,3
DA:6,10
DA:7,7
DA:8,1
DA:9,1
DA:10,0
DA:11,2
DA:12,1
DA:13,1
DA:14,161
DA:15,7
DA:16,1
DA:17,1
DA:18,0
DA:19,1
DA:20,0
DA:21,1
DA:22,2
DA:23,1
DA:24,1
DA:25,1
DA:26,1
DA:27,1
DA:28,0
DA:29,1
DA:30,1
DA:31,10
DA:32,1
DA:33,1
DA:34,1
DA:35,1
DA:36,1
DA:37,1
DA:38,1
DA:39,1
DA:40,1
DA:41,1
DA:42,7
DA:43,7
DA:44,1
DA:45,1
DA:46,1
DA:47,2
DA:48,1
DA:49,1
DA:50,7
DA:51,1
DA:52,1
DA:53,4
DA:189,163
DA:191,163
DA:194,328
DA:196,328
DA:199,0
DA:201,0
DA:204,2
DA:206,2
DA:209,294
DA:211,294
DA:214,0
DA:216,0
DA:219,7
DA:221,7
DA:224,0
DA:226,0
DA:229,2
DA:231,2
DA:234,0
DA:236,0
DA:239,1
DA:241,1
DA:244,0
DA:246,0
DA:249,3
DA:251,3
DA:254,0
DA:256,0
DA:259,3
DA:261,3
DA:264,0
DA:266,0
DA:269,3
DA:271,3
DA:274,0
DA:276,0
DA:279,1
DA:281,1
DA:284,0
DA:286,0
DA:289,161
DA:291,161
DA:294,263
DA:296,263
DA:299,500
DA:301,500
DA:304,172
DA:306,172
DA:309,172
DA:311,172
DA:314,0
DA:316,0
DA:319,1
DA:321,1
DA:324,0
DA:326,0
DA:329,1
DA:331,1
DA:334,358
DA:336,358
DA:339,86920
DA:341,86920
DA:344,164
DA:346,164
DA:349,984
DA:351,984
DA:354,164
DA:356,164
DA:359,164
DA:361,164
DA:364,328
DA:366,328
DA:369,0
DA:371,0
DA:374,1
DA:376,1
DA:379,0
DA:381,0
DA:384,1
DA:386,1
DA:389,0
DA:391,0
DA:394,1
DA:396,1
DA:399,164
DA:401,164
DA:404,0
DA:406,0
DA:409,1
DA:411,1
DA:414,0
DA:416,0
DA:419,1
DA:421,1
DA:424,0
DA:426,0
DA:429,1
DA:431,1
DA:434,0
DA:436,0
DA:439,1
DA:441,1
DA:444,0
DA:446,0
DA:449,1
DA:451,1
DA:454,0
DA:456,0
DA:459,1
DA:461,1
DA:464,0
DA:466,0
DA:469,1
DA:471,1
DA:474,164
DA:476,164
DA:479,164
DA:481,164
DA:484,164
DA:486,164
DA:489,0
DA:491,0
DA:494,7
DA:496,7
DA:499,492
DA:501,492
DA:504,84299
DA:506,84299
DA:509,167
DA:511,167
DA:514,907
DA:516,907
DA:519,167
DA:521,167
DA:524,167
DA:526,167
DA:529,328
DA:531,328
DA:534,0
DA:536,0
DA:539,7
DA:541,7
DA:544,0
DA:546,0
DA:549,3
DA:551,3
DA:554,0
DA:556,0
DA:559,3
DA:561,3
DA:564,164
DA:566,164
DA:571,1
DA:572,1
DA:573,1
DA:577,0
DA:578,0
LF:207
LH:151
end_of_record
