TN:verilator_coverage
SF:/home/heke/ysyx/uc4xs_newcomer/cache-ut/Cache/Cache.v
DA:2,4
DA:3,4
DA:4,1
DA:5,1
DA:6,0
DA:7,1
DA:8,1
DA:9,1
DA:10,4
DA:11,3
DA:12,1
DA:13,1
DA:14,0
DA:15,1
DA:16,1
DA:17,1
DA:18,2
DA:19,4
DA:20,0
DA:21,1
DA:22,1
DA:23,1
DA:24,1
DA:25,2
DA:26,1
DA:27,1
DA:28,2
DA:29,0
DA:30,1
DA:31,1
DA:32,1
DA:33,1
DA:34,4
DA:35,0
DA:36,1
DA:37,1
DA:38,0
DA:39,1
DA:56,271
DA:57,2
DA:58,4
DA:59,4
DA:60,1
DA:61,0
DA:62,1
DA:63,1
DA:64,1
DA:65,1
DA:66,5
DA:67,4
DA:68,1
DA:69,0
DA:70,1
DA:71,1
DA:72,1
DA:73,1
DA:74,0
DA:75,1
DA:76,1
DA:77,1
DA:78,1
DA:79,0
DA:80,1
DA:81,1
DA:82,1
DA:83,1
DA:84,0
DA:85,1
DA:86,0
DA:87,0
DA:88,1
DA:89,2
DA:90,0
DA:91,0
DA:92,1
DA:93,1
DA:94,1
DA:95,1
DA:96,2
DA:97,1
DA:98,1
DA:99,2
DA:100,0
DA:101,1
DA:102,1
DA:103,1
DA:104,1
DA:105,1
DA:106,0
DA:107,1
DA:108,1
DA:109,1
DA:110,2
DA:111,1
DA:112,1
DA:113,1
DA:114,1
DA:115,1
DA:116,1
DA:128,0
DA:129,0
DA:130,1
DA:131,1
DA:132,1
DA:137,1
DA:138,0
DA:139,0
DA:143,0
DA:144,0
DA:145,0
DA:146,1
DA:147,1
DA:149,0
DA:150,1
DA:152,1
DA:153,2
DA:155,1
DA:156,2
DA:158,1
DA:159,0
DA:164,0
DA:165,64
DA:166,66
DA:169,33
DA:174,0
DA:175,0
DA:180,1
DA:182,0
DA:194,1
DA:195,2
DA:197,1
DA:198,0
DA:227,136
DA:228,3
DA:229,3
DA:230,1
DA:231,132
DA:232,1
DA:233,1
DA:235,136
DA:236,0
DA:238,136
DA:239,0
DA:241,136
DA:242,0
DA:244,3
DA:245,3
DA:246,133
DA:247,0
DA:248,133
DA:249,133
DA:251,3
DA:252,3
DA:253,1
DA:254,132
DA:255,1
DA:256,1
DA:258,136
DA:259,0
DA:261,136
DA:262,0
DA:268,0
DA:269,0
DA:280,136
DA:311,1
DA:349,1
DA:350,1
DA:351,0
DA:352,1
DA:353,0
DA:354,1
DA:355,2
DA:356,1
DA:357,1
DA:358,1
DA:359,1
DA:360,2
DA:361,1
DA:362,1
DA:364,0
DA:372,1
DA:373,0
DA:374,1
DA:375,1
DA:376,0
DA:377,0
DA:378,1
DA:379,1
DA:380,1
DA:381,1
DA:382,1
DA:383,1
DA:385,1
DA:392,271
DA:393,2
DA:394,5
DA:395,2
DA:396,0
DA:397,1
DA:398,1
DA:399,2
DA:400,0
DA:401,1
DA:402,1
DA:403,0
DA:404,1
DA:405,0
DA:406,1
DA:407,2
DA:408,1
DA:409,1
DA:410,1
DA:411,1
DA:412,1
DA:413,1
DA:414,2
DA:415,1
DA:416,1
DA:417,2
DA:418,0
DA:419,1
DA:420,3
DA:421,1
DA:422,0
DA:423,1
DA:424,1
DA:425,2
DA:426,1
DA:427,4
DA:428,1
DA:429,1
DA:430,1
DA:431,1
DA:432,0
DA:433,1
DA:434,1
DA:435,1
DA:436,1
DA:437,1
DA:438,1
DA:439,1
DA:440,2
DA:441,1
DA:442,1
DA:443,1
DA:444,0
DA:445,1
DA:446,1
DA:447,1
DA:448,0
DA:449,0
DA:450,1
DA:451,1
DA:452,2
DA:453,3
DA:454,0
DA:455,1
DA:456,1
DA:457,2
DA:458,0
DA:459,0
DA:460,0
DA:461,0
DA:462,0
DA:463,1
DA:464,1
DA:465,1
DA:466,1
DA:485,1
DA:486,1
DA:487,0
DA:488,1
DA:489,0
DA:490,1
DA:491,2
DA:492,1
DA:493,1
DA:494,1
DA:495,1
DA:496,2
DA:497,1
DA:498,1
DA:499,1
DA:500,0
DA:501,1
DA:502,1
DA:503,0
DA:504,0
DA:505,1
DA:506,1
DA:507,1
DA:508,1
DA:509,1
DA:510,1
DA:511,1
DA:512,1
DA:513,1
DA:514,2
DA:515,1
DA:517,1
DA:519,1
DA:520,1
DA:528,0
DA:530,1
DA:538,0
DA:549,1
DA:550,0
DA:558,1
DA:563,1
DA:564,1
DA:565,1
DA:567,1
DA:568,1
DA:569,0
DA:574,2
DA:575,0
DA:576,1
DA:577,1
DA:589,1
DA:590,0
DA:594,0
DA:596,2
DA:597,1
DA:601,1
DA:603,0
DA:607,0
DA:608,1
DA:610,0
DA:613,0
DA:615,1
DA:616,0
DA:618,0
DA:672,0
DA:673,0
DA:769,136
DA:770,3
DA:771,3
DA:772,132
DA:773,132
DA:774,1
DA:775,1
DA:776,0
DA:777,0
DA:778,0
DA:779,0
DA:781,3
DA:782,3
DA:783,132
DA:784,0
DA:785,0
DA:786,0
DA:788,132
DA:789,0
DA:790,132
DA:791,132
DA:793,1
DA:794,0
DA:795,1
DA:797,0
DA:798,0
DA:799,0
DA:800,0
DA:802,3
DA:803,3
DA:804,133
DA:805,0
DA:806,133
DA:807,133
DA:809,3
DA:810,3
DA:811,132
DA:812,0
DA:813,0
DA:814,0
DA:816,132
DA:817,0
DA:819,1
DA:820,0
DA:821,0
DA:824,3
DA:825,3
DA:826,1
DA:827,1
DA:828,0
DA:829,0
DA:833,3
DA:834,3
DA:835,133
DA:836,133
DA:837,0
DA:839,0
DA:840,0
DA:841,0
DA:842,0
DA:844,1
DA:845,1
DA:847,1
DA:848,1
DA:850,1
DA:851,1
DA:853,1
DA:854,1
DA:856,3
DA:857,3
DA:858,132
DA:859,132
DA:860,1
DA:861,0
DA:862,0
DA:865,3
DA:866,3
DA:867,1
DA:868,132
DA:869,1
DA:870,1
DA:872,136
DA:873,0
DA:874,0
DA:875,0
DA:876,0
DA:879,3
DA:880,3
DA:881,133
DA:882,0
DA:884,3
DA:885,3
DA:886,133
DA:887,0
DA:893,0
DA:894,0
DA:906,136
DA:917,0
DA:918,0
DA:930,136
DA:941,0
DA:942,0
DA:954,136
DA:965,0
DA:966,0
DA:978,136
DA:1009,1
DA:1061,271
DA:1062,2
DA:1063,2
DA:1064,4
DA:1065,0
DA:1066,1
DA:1067,0
DA:1068,0
DA:1069,2
DA:1070,2
DA:1071,2
DA:1072,0
DA:1073,2
DA:1074,1
DA:1075,1
DA:1076,0
DA:1077,1
DA:1078,1
DA:1079,1
DA:1080,2
DA:1081,1
DA:1082,1
DA:1103,2
DA:1104,1
DA:1105,1
DA:1106,0
DA:1107,2
DA:1108,1
DA:1109,2
DA:1110,2
DA:1111,1
DA:1113,2
DA:1114,1
DA:1115,0
DA:1116,0
DA:1117,2
DA:1118,2
DA:1119,2
DA:1120,2
DA:1121,1
DA:1123,3
DA:1124,0
DA:1125,1
DA:1126,0
DA:1127,2
DA:1128,1
DA:1129,2
DA:1130,3
DA:1131,0
DA:1133,3
DA:1134,1
DA:1135,0
DA:1136,0
DA:1137,2
DA:1138,3
DA:1139,2
DA:1140,3
DA:1141,1
DA:1142,2
DA:1143,2
DA:1144,2
DA:1146,2
DA:1148,2
DA:1151,1
DA:1197,136
DA:1198,5
DA:1199,131
DA:1201,136
DA:1202,1
DA:1203,1
DA:1205,5
DA:1206,131
DA:1208,136
DA:1209,1
DA:1210,1
DA:1212,5
DA:1213,131
DA:1215,136
DA:1216,1
DA:1217,1
DA:1219,5
DA:1220,131
DA:1222,136
DA:1223,1
DA:1224,1
DA:1226,136
DA:1227,3
DA:1228,3
DA:1229,5
DA:1230,128
DA:1256,1
DA:1312,2
DA:1313,4
DA:1314,0
DA:1315,2
DA:1316,4
DA:1317,0
DA:1324,271
DA:1325,2
DA:1326,2
DA:1327,4
DA:1328,0
DA:1329,1
DA:1330,1
DA:1331,1
DA:1332,1
DA:1333,2
DA:1334,1
DA:1335,1
DA:1336,2
DA:1337,0
DA:1338,1
DA:1339,1
DA:1340,1
DA:1341,1
DA:1342,1
DA:1343,2
DA:1344,1
DA:1345,1
DA:1362,271
DA:1363,2
DA:1364,2
DA:1365,4
DA:1366,0
DA:1367,1
DA:1368,0
DA:1369,0
DA:1370,2
DA:1371,2
DA:1372,2
DA:1373,0
DA:1374,2
DA:1375,1
DA:1376,1
DA:1377,0
DA:1378,1
DA:1379,1
DA:1380,1
DA:1381,2
DA:1382,1
DA:1383,1
DA:1384,2
DA:1385,4
DA:1386,0
DA:1387,2
DA:1388,4
DA:1389,0
DA:1390,4
DA:1391,1
DA:1392,2
DA:1393,0
DA:1394,1
DA:1395,2
DA:1396,1
DA:1397,1
DA:1398,1
DA:1399,0
DA:1400,1
DA:1401,0
DA:1402,0
DA:1460,136
DA:1461,136
DA:1462,3
DA:1463,3
DA:1464,1
DA:1465,1
DA:1467,3
DA:1468,3
DA:1469,1
DA:1470,1
DA:1472,3
DA:1473,3
DA:1474,1
DA:1475,1
DA:1477,3
DA:1478,3
DA:1479,1
DA:1480,1
DA:1482,3
DA:1483,3
DA:1484,1
DA:1485,1
DA:1487,3
DA:1488,3
DA:1489,1
DA:1490,1
DA:1492,3
DA:1493,3
DA:1494,1
DA:1495,1
DA:1497,3
DA:1498,3
DA:1499,1
DA:1500,1
DA:1502,3
DA:1503,3
DA:1504,1
DA:1505,1
DA:1507,3
DA:1508,3
DA:1509,1
DA:1510,1
DA:1512,3
DA:1513,3
DA:1514,1
DA:1515,1
DA:1517,3
DA:1518,3
DA:1519,1
DA:1520,1
DA:1546,1
DA:1594,271
DA:1595,1
DA:1596,5
DA:1597,0
DA:1598,1
DA:1599,1
DA:1600,0
DA:1601,1
DA:1602,1
DA:1603,1
DA:1604,1
DA:1605,1
DA:1624,4
DA:1625,0
DA:1626,1
DA:1627,1
DA:1628,1
DA:1629,0
DA:1630,1
DA:1631,4
DA:1632,0
DA:1634,3
DA:1635,0
DA:1636,1
DA:1637,1
DA:1638,1
DA:1639,1
DA:1640,1
DA:1641,3
DA:1642,0
DA:1644,4
DA:1645,0
DA:1646,0
DA:1647,1
DA:1648,1
DA:1649,1
DA:1650,1
DA:1651,4
DA:1652,0
DA:1654,3
DA:1655,0
DA:1656,1
DA:1657,1
DA:1658,1
DA:1659,2
DA:1660,1
DA:1661,3
DA:1662,0
DA:1697,136
DA:1698,136
DA:1699,0
DA:1701,136
DA:1702,9
DA:1703,127
DA:1705,136
DA:1706,0
DA:1708,136
DA:1709,9
DA:1710,127
DA:1712,136
DA:1713,0
DA:1715,136
DA:1716,9
DA:1717,127
DA:1719,136
DA:1720,0
DA:1722,136
DA:1723,9
DA:1724,127
DA:1750,1
DA:1802,1
DA:1803,4
DA:1804,0
DA:1805,4
DA:1806,1
DA:1807,1
DA:1808,1
DA:1809,5
DA:1810,0
DA:1812,4
DA:1819,271
DA:1820,2
DA:1821,1
DA:1822,4
DA:1823,0
DA:1824,1
DA:1825,1
DA:1826,0
DA:1827,1
DA:1828,4
DA:1829,1
DA:1830,1
DA:1831,1
DA:1832,1
DA:1833,0
DA:1834,1
DA:1835,1
DA:1836,1
DA:1837,1
DA:1838,1
DA:1852,271
DA:1853,1
DA:1854,5
DA:1855,0
DA:1856,1
DA:1857,1
DA:1858,0
DA:1859,1
DA:1860,1
DA:1861,1
DA:1862,1
DA:1863,1
DA:1864,1
DA:1865,4
DA:1866,0
DA:1867,4
DA:1868,1
DA:1869,1
DA:1870,1
DA:1871,5
DA:1872,0
DA:1873,4
DA:1874,1
DA:1875,1
DA:1876,2
DA:1877,2
DA:1878,2
DA:1879,1
DA:1880,0
DA:1881,0
DA:1882,1
DA:1930,136
DA:1931,136
DA:1932,3
DA:1933,3
DA:1934,6
DA:1935,127
DA:1937,3
DA:1938,3
DA:1939,6
DA:1940,127
DA:1942,3
DA:1943,3
DA:1944,6
DA:1945,127
DA:1947,3
DA:1948,3
DA:1949,6
DA:1950,127
DA:1952,136
DA:1953,3
DA:1954,3
DA:1955,133
DA:1956,0
DA:1958,3
DA:1959,3
DA:1960,133
DA:1961,0
DA:1963,3
DA:1964,3
DA:1965,133
DA:1966,0
DA:1968,3
DA:1969,3
DA:1970,133
DA:1971,0
DA:1997,1
DA:2039,4
DA:2040,1
DA:2041,1
DA:2042,1
DA:2043,1
DA:2044,1
DA:2045,1
DA:2046,3
DA:2047,3
DA:2048,0
DA:2049,1
DA:2050,1
DA:2051,1
DA:2052,2
DA:2053,1
DA:2054,4
DA:2055,4
DA:2056,1
DA:2057,1
DA:2058,0
DA:2059,1
DA:2060,1
DA:2061,1
DA:2063,2
DA:2075,271
DA:2076,2
DA:2077,3
DA:2078,3
DA:2079,0
DA:2080,1
DA:2081,1
DA:2082,1
DA:2083,2
DA:2084,1
DA:2085,3
DA:2086,2
DA:2087,0
DA:2088,1
DA:2089,1
DA:2090,1
DA:2091,1
DA:2092,0
DA:2093,1
DA:2094,0
DA:2095,1
DA:2096,0
DA:2097,1
DA:2098,0
DA:2099,0
DA:2100,1
DA:2101,1
DA:2102,4
DA:2103,1
DA:2104,1
DA:2105,1
DA:2106,1
DA:2107,1
DA:2108,1
DA:2109,0
DA:2110,1
DA:2111,1
DA:2112,1
DA:2113,2
DA:2114,3
DA:2115,0
DA:2116,1
DA:2117,1
DA:2118,2
DA:2119,0
DA:2120,0
DA:2121,0
DA:2122,0
DA:2123,0
DA:2124,3
DA:2160,4
DA:2161,4
DA:2162,1
DA:2163,1
DA:2164,0
DA:2165,1
DA:2166,1
DA:2167,1
DA:2168,4
DA:2169,3
DA:2170,1
DA:2171,1
DA:2172,0
DA:2173,1
DA:2174,1
DA:2175,1
DA:2176,2
DA:2177,4
DA:2178,0
DA:2179,1
DA:2180,1
DA:2181,1
DA:2182,1
DA:2183,2
DA:2184,1
DA:2185,1
DA:2186,2
DA:2187,0
DA:2188,1
DA:2189,1
DA:2190,1
DA:2191,1
DA:2192,4
DA:2193,0
DA:2194,1
DA:2195,1
DA:2196,0
DA:2197,1
DA:2198,271
DA:2199,2
DA:2200,4
DA:2201,4
DA:2202,1
DA:2203,0
DA:2204,1
DA:2205,1
DA:2206,1
DA:2207,1
DA:2208,5
DA:2209,4
DA:2210,1
DA:2211,0
DA:2212,1
DA:2213,1
DA:2214,1
DA:2215,1
DA:2216,0
DA:2217,1
DA:2218,1
DA:2219,1
DA:2220,1
DA:2221,0
DA:2222,1
DA:2223,1
DA:2224,1
DA:2225,1
DA:2226,0
DA:2227,1
DA:2228,0
DA:2229,0
DA:2230,1
DA:2231,2
DA:2232,0
DA:2233,0
DA:2234,1
DA:2235,1
DA:2236,1
DA:2237,1
DA:2238,2
DA:2239,1
DA:2240,1
DA:2241,2
DA:2242,0
DA:2243,1
DA:2244,1
DA:2245,1
DA:2246,1
DA:2247,1
DA:2248,0
DA:2249,1
DA:2250,1
DA:2251,1
DA:2252,2
DA:2253,1
DA:2254,1
DA:2255,1
DA:2256,1
DA:2257,1
DA:2258,1
DA:2259,271
DA:2260,2
DA:2261,5
DA:2262,2
DA:2263,0
DA:2264,1
DA:2265,1
DA:2266,2
DA:2267,0
DA:2268,1
DA:2269,1
DA:2270,0
DA:2271,1
DA:2272,0
DA:2273,1
DA:2274,2
DA:2275,1
DA:2276,1
DA:2277,1
DA:2278,1
DA:2279,1
DA:2280,1
DA:2281,2
DA:2282,1
DA:2283,1
DA:2284,2
DA:2285,0
DA:2286,1
DA:2287,3
DA:2288,1
DA:2289,0
DA:2290,1
DA:2291,1
DA:2292,2
DA:2293,1
DA:2294,4
DA:2295,1
DA:2296,1
DA:2297,1
DA:2298,1
DA:2299,0
DA:2300,1
DA:2301,1
DA:2302,1
DA:2303,1
DA:2304,1
DA:2305,1
DA:2306,1
DA:2307,2
DA:2308,1
DA:2309,1
DA:2310,1
DA:2311,0
DA:2312,1
DA:2313,1
DA:2314,1
DA:2315,0
DA:2316,0
DA:2317,1
DA:2318,1
DA:2319,2
DA:2320,3
DA:2321,0
DA:2322,1
DA:2323,1
DA:2324,2
DA:2325,0
DA:2326,0
DA:2327,0
DA:2328,0
DA:2329,0
DA:2330,1
DA:2331,1
DA:2332,1
DA:2333,1
DA:2334,271
DA:2335,2
DA:2336,2
DA:2337,4
DA:2338,0
DA:2339,1
DA:2340,1
DA:2341,1
DA:2342,1
DA:2343,2
DA:2344,1
DA:2345,1
DA:2346,2
DA:2347,0
DA:2348,1
DA:2349,1
DA:2350,1
DA:2351,1
DA:2352,1
DA:2353,2
DA:2354,1
DA:2355,1
DA:2356,271
DA:2357,2
DA:2358,1
DA:2359,4
DA:2360,0
DA:2361,1
DA:2362,1
DA:2363,0
DA:2364,1
DA:2365,4
DA:2366,1
DA:2367,1
DA:2368,1
DA:2369,1
DA:2370,0
DA:2371,1
DA:2372,1
DA:2373,1
DA:2374,1
DA:2375,1
DA:2376,4
DA:2377,1
DA:2378,1
DA:2379,1
DA:2380,1
DA:2381,1
DA:2382,1
DA:2383,3
DA:2384,3
DA:2385,0
DA:2386,1
DA:2387,1
DA:2388,1
DA:2389,2
DA:2390,1
DA:2391,4
DA:2392,4
DA:2393,1
DA:2394,1
DA:2395,0
DA:2396,1
DA:2397,1
DA:2398,1
DA:2400,4
DA:2404,1
DA:2405,0
DA:2406,1
DA:2407,1
DA:2408,1
DA:2409,1
DA:2410,2
DA:2414,1
DA:2415,2
DA:2416,1
DA:2417,2
DA:2418,0
DA:2419,0
DA:2420,1
DA:2421,0
DA:2422,1
DA:2423,0
DA:2424,1
DA:2425,2
DA:2426,1
DA:2427,1
DA:2428,1
DA:2429,1
DA:2430,1
DA:2431,1
DA:2432,2
DA:2433,1
DA:2434,1
DA:2435,2
DA:2436,0
DA:2437,1
DA:2852,136
DA:2853,3
DA:2854,3
DA:2855,133
DA:2856,0
DA:2857,133
DA:2858,133
DA:2860,1
DA:2861,1
DA:2863,1
DA:2864,1
DA:2866,1
DA:2867,1
DA:2869,1
DA:2870,1
DA:2872,1
DA:2873,1
DA:2875,1
DA:2876,1
DA:2878,3
DA:2879,3
DA:2880,133
DA:2881,0
DA:2882,133
DA:2883,133
DA:2885,1
DA:2886,1
DA:2888,1
DA:2889,1
DA:2891,1
DA:2892,1
DA:2894,1
DA:2895,1
DA:2897,1
DA:2898,1
DA:2900,1
DA:2901,1
DA:2903,1
DA:2904,1
DA:2906,1
DA:2907,1
DA:2909,1
DA:2910,1
DA:2912,1
DA:2913,1
DA:2915,1
DA:2916,1
DA:2918,1
DA:2919,1
DA:2921,1
DA:2922,1
DA:2924,1
DA:2925,1
DA:2927,1
DA:2928,1
DA:2930,1
DA:2931,1
DA:2933,1
DA:2934,1
DA:2936,1
DA:2937,1
DA:2939,1
DA:2940,1
DA:2942,1
DA:2943,1
DA:2945,1
DA:2946,1
DA:2948,1
DA:2949,1
DA:2951,1
DA:2952,1
DA:2954,1
DA:2955,1
DA:2981,1
end_of_record
SF:/home/heke/ysyx/uc4xs_newcomer/cache-ut/Cache/Cache_top.sv
DA:4,271
DA:5,2
DA:6,3
DA:7,3
DA:8,0
DA:9,1
DA:10,1
DA:11,1
DA:12,2
DA:13,1
DA:14,3
DA:15,2
DA:16,0
DA:17,1
DA:18,1
DA:19,1
DA:20,1
DA:21,0
DA:22,1
DA:23,1
DA:24,1
DA:25,0
DA:26,1
DA:27,1
DA:28,0
DA:29,1
DA:30,1
DA:31,4
DA:32,1
DA:33,1
DA:34,1
DA:35,1
DA:36,1
DA:37,1
DA:38,0
DA:39,1
DA:40,1
DA:41,1
DA:42,2
DA:43,3
DA:44,0
DA:45,1
DA:46,1
DA:47,2
DA:48,0
DA:49,0
DA:50,0
DA:51,0
DA:52,0
DA:53,3
DA:189,0
DA:191,0
DA:194,272
DA:196,272
DA:199,0
DA:201,0
DA:204,2
DA:206,2
DA:209,129
DA:211,129
DA:214,0
DA:216,0
DA:219,3
DA:221,3
DA:224,0
DA:226,0
DA:229,2
DA:231,2
DA:234,0
DA:236,0
DA:239,2
DA:241,2
DA:244,0
DA:246,0
DA:249,2
DA:251,2
DA:254,0
DA:256,0
DA:259,2
DA:261,2
DA:264,0
DA:266,0
DA:269,2
DA:271,2
DA:274,0
DA:276,0
DA:279,1
DA:281,1
DA:284,0
DA:286,0
DA:289,2
DA:291,2
DA:294,1
DA:296,1
DA:299,1
DA:301,1
DA:304,1
DA:306,1
DA:309,1
DA:311,1
DA:314,0
DA:316,0
DA:319,1
DA:321,1
DA:324,0
DA:326,0
DA:329,1
DA:331,1
DA:334,1
DA:336,1
DA:339,1
DA:341,1
DA:344,1
DA:346,1
DA:349,1
DA:351,1
DA:354,1
DA:356,1
DA:359,1
DA:361,1
DA:364,1
DA:366,1
DA:369,0
DA:371,0
DA:374,1
DA:376,1
DA:379,0
DA:381,0
DA:384,1
DA:386,1
DA:389,0
DA:391,0
DA:394,1
DA:396,1
DA:399,1
DA:401,1
DA:404,0
DA:406,0
DA:409,1
DA:411,1
DA:414,0
DA:416,0
DA:419,1
DA:421,1
DA:424,0
DA:426,0
DA:429,1
DA:431,1
DA:434,0
DA:436,0
DA:439,1
DA:441,1
DA:444,0
DA:446,0
DA:449,1
DA:451,1
DA:454,0
DA:456,0
DA:459,1
DA:461,1
DA:464,0
DA:466,0
DA:469,1
DA:471,1
DA:474,1
DA:476,1
DA:479,1
DA:481,1
DA:484,1
DA:486,1
DA:489,0
DA:491,0
DA:494,2
DA:496,2
DA:499,2
DA:501,2
DA:504,2
DA:506,2
DA:509,2
DA:511,2
DA:514,2
DA:516,2
DA:519,2
DA:521,2
DA:524,2
DA:526,2
DA:529,1
DA:531,1
DA:534,0
DA:536,0
DA:539,1
DA:541,1
DA:544,0
DA:546,0
DA:549,1
DA:551,1
DA:554,0
DA:556,0
DA:559,1
DA:561,1
DA:564,2
DA:566,2
DA:571,1
DA:572,1
DA:573,1
DA:577,0
DA:578,0
end_of_record
