TN:verilator_coverage
SF:/home/heke/ysyx/uc4xs_newcomer/cache-ut/Cache/Cache.v
FNF:0
FNH:0
DA:2,1
DA:3,3
DA:4,1
DA:5,1
DA:6,1
DA:7,1
DA:8,1
DA:9,0
DA:10,1
DA:11,1
DA:12,1
DA:13,1
DA:14,1
DA:15,1
DA:16,1
DA:17,0
DA:18,1
DA:19,3
DA:20,1
DA:21,1
DA:22,2
DA:23,0
DA:24,1
DA:25,1
DA:26,0
DA:27,1
DA:28,1
DA:29,1
DA:30,0
DA:31,1
DA:32,0
DA:33,1
DA:34,3
DA:35,1
DA:36,1
DA:37,0
DA:38,1
DA:39,1
DA:56,25
DA:57,3
DA:58,1
DA:59,1
DA:60,1
DA:61,1
DA:62,1
DA:63,0
DA:64,0
DA:65,1
DA:66,1
DA:67,1
DA:68,1
DA:69,1
DA:70,1
DA:71,0
DA:72,0
DA:73,1
DA:74,1
DA:75,1
DA:76,1
DA:77,0
DA:78,1
DA:79,1
DA:80,0
DA:81,1
DA:82,1
DA:83,0
DA:84,1
DA:85,1
DA:86,1
DA:87,0
DA:88,0
DA:89,0
DA:90,1
DA:91,0
DA:92,1
DA:93,2
DA:94,0
DA:95,1
DA:96,1
DA:97,0
DA:98,1
DA:99,1
DA:100,1
DA:101,0
DA:102,1
DA:103,0
DA:104,1
DA:105,0
DA:106,1
DA:107,1
DA:108,0
DA:109,0
DA:110,1
DA:111,1
DA:112,0
DA:113,1
DA:114,0
DA:115,1
DA:116,0
DA:128,0
DA:129,1
DA:130,0
DA:131,0
DA:132,1
DA:137,1
DA:138,0
DA:139,1
DA:143,0
DA:144,0
DA:145,1
DA:146,1
DA:147,0
DA:149,1
DA:150,1
DA:152,1
DA:153,1
DA:155,1
DA:156,1
DA:158,0
DA:159,1
DA:164,0
DA:165,4
DA:166,6
DA:169,4
DA:174,1
DA:175,0
DA:180,1
DA:182,0
DA:194,0
DA:195,1
DA:197,0
DA:198,0
DA:227,13
DA:228,2
DA:229,2
DA:230,1
DA:231,10
DA:232,1
DA:233,1
DA:235,13
DA:236,0
DA:238,13
DA:239,0
DA:241,13
DA:242,0
DA:244,2
DA:245,2
DA:246,11
DA:247,0
DA:248,11
DA:249,11
DA:251,2
DA:252,2
DA:253,1
DA:254,10
DA:255,1
DA:256,1
DA:258,13
DA:259,0
DA:261,13
DA:262,0
DA:268,0
DA:269,0
DA:280,13
DA:311,1
DA:349,0
DA:350,0
DA:351,1
DA:352,0
DA:353,0
DA:354,0
DA:355,0
DA:356,0
DA:357,0
DA:358,0
DA:359,0
DA:360,1
DA:361,1
DA:362,0
DA:364,0
DA:372,1
DA:373,0
DA:374,1
DA:375,0
DA:376,0
DA:377,1
DA:378,1
DA:379,0
DA:380,1
DA:381,0
DA:382,1
DA:383,0
DA:385,1
DA:392,25
DA:393,3
DA:394,1
DA:395,0
DA:396,0
DA:397,0
DA:398,0
DA:399,0
DA:400,1
DA:401,0
DA:402,0
DA:403,0
DA:404,0
DA:405,0
DA:406,1
DA:407,1
DA:408,0
DA:409,0
DA:410,0
DA:411,1
DA:412,0
DA:413,1
DA:414,0
DA:415,0
DA:416,1
DA:417,0
DA:418,1
DA:419,1
DA:420,2
DA:421,0
DA:422,1
DA:423,1
DA:424,0
DA:425,1
DA:426,1
DA:427,3
DA:428,1
DA:429,0
DA:430,1
DA:431,2
DA:432,1
DA:433,0
DA:434,1
DA:435,0
DA:436,1
DA:437,0
DA:438,0
DA:439,0
DA:440,1
DA:441,1
DA:442,0
DA:443,1
DA:444,1
DA:445,1
DA:446,1
DA:447,0
DA:448,1
DA:449,2
DA:450,1
DA:451,1
DA:452,1
DA:453,1
DA:454,0
DA:455,0
DA:456,0
DA:457,0
DA:458,1
DA:459,1
DA:460,1
DA:461,1
DA:462,1
DA:463,1
DA:464,1
DA:465,0
DA:466,1
DA:485,0
DA:486,0
DA:487,1
DA:488,0
DA:489,0
DA:490,0
DA:491,0
DA:492,0
DA:493,0
DA:494,0
DA:495,0
DA:496,1
DA:497,1
DA:498,0
DA:499,1
DA:500,0
DA:501,1
DA:502,0
DA:503,0
DA:504,1
DA:505,1
DA:506,0
DA:507,1
DA:508,0
DA:509,1
DA:510,0
DA:511,1
DA:512,0
DA:513,1
DA:514,1
DA:515,0
DA:517,0
DA:519,0
DA:520,0
DA:528,1
DA:530,1
DA:538,0
DA:549,0
DA:550,0
DA:558,1
DA:563,0
DA:564,1
DA:565,1
DA:567,1
DA:568,0
DA:569,1
DA:574,1
DA:575,0
DA:576,1
DA:577,0
DA:589,0
DA:590,1
DA:594,0
DA:596,2
DA:597,1
DA:601,1
DA:603,1
DA:607,1
DA:608,1
DA:610,1
DA:613,1
DA:615,2
DA:616,1
DA:618,0
DA:672,0
DA:673,0
DA:769,13
DA:770,2
DA:771,2
DA:772,10
DA:773,10
DA:774,0
DA:775,0
DA:776,1
DA:777,0
DA:778,1
DA:779,1
DA:781,2
DA:782,2
DA:783,10
DA:784,0
DA:785,0
DA:786,0
DA:788,10
DA:789,0
DA:790,10
DA:791,10
DA:793,0
DA:794,0
DA:795,0
DA:797,1
DA:798,0
DA:799,1
DA:800,1
DA:802,2
DA:803,2
DA:804,11
DA:805,0
DA:806,11
DA:807,11
DA:809,2
DA:810,2
DA:811,10
DA:812,0
DA:813,0
DA:814,0
DA:816,10
DA:817,0
DA:819,0
DA:820,0
DA:821,1
DA:824,2
DA:825,2
DA:826,1
DA:827,0
DA:828,1
DA:829,1
DA:833,2
DA:834,2
DA:835,10
DA:836,10
DA:837,0
DA:839,0
DA:840,0
DA:841,0
DA:842,1
DA:844,13
DA:845,0
DA:847,13
DA:848,0
DA:850,13
DA:851,0
DA:853,13
DA:854,0
DA:856,2
DA:857,2
DA:858,10
DA:859,10
DA:860,0
DA:861,0
DA:862,1
DA:865,2
DA:866,2
DA:867,1
DA:868,10
DA:869,1
DA:870,1
DA:872,13
DA:873,0
DA:874,0
DA:875,0
DA:876,0
DA:879,2
DA:880,2
DA:881,11
DA:882,0
DA:884,2
DA:885,2
DA:886,11
DA:887,0
DA:893,0
DA:894,0
DA:906,13
DA:917,0
DA:918,0
DA:930,13
DA:941,0
DA:942,0
DA:954,13
DA:965,0
DA:966,0
DA:978,13
DA:1009,1
DA:1061,25
DA:1062,3
DA:1063,1
DA:1064,3
DA:1065,1
DA:1066,1
DA:1067,1
DA:1068,1
DA:1069,1
DA:1070,0
DA:1071,0
DA:1072,1
DA:1073,0
DA:1074,0
DA:1075,1
DA:1076,0
DA:1077,1
DA:1078,0
DA:1079,0
DA:1080,1
DA:1081,1
DA:1082,0
DA:1103,2
DA:1104,0
DA:1105,0
DA:1106,0
DA:1107,1
DA:1108,1
DA:1109,1
DA:1110,2
DA:1111,0
DA:1113,2
DA:1114,0
DA:1115,1
DA:1116,0
DA:1117,1
DA:1118,1
DA:1119,1
DA:1120,2
DA:1121,0
DA:1123,1
DA:1124,0
DA:1125,0
DA:1126,0
DA:1127,1
DA:1128,0
DA:1129,1
DA:1130,1
DA:1131,0
DA:1133,1
DA:1134,0
DA:1135,1
DA:1136,0
DA:1137,1
DA:1138,1
DA:1139,1
DA:1140,1
DA:1141,0
DA:1142,0
DA:1143,1
DA:1144,0
DA:1146,0
DA:1148,1
DA:1151,0
DA:1197,13
DA:1198,0
DA:1199,13
DA:1201,13
DA:1202,13
DA:1203,0
DA:1205,0
DA:1206,13
DA:1208,13
DA:1209,13
DA:1210,0
DA:1212,0
DA:1213,13
DA:1215,13
DA:1216,13
DA:1217,0
DA:1219,0
DA:1220,13
DA:1222,13
DA:1223,13
DA:1224,0
DA:1226,13
DA:1227,2
DA:1228,2
DA:1229,0
DA:1230,11
DA:1256,1
DA:1312,1
DA:1313,3
DA:1314,1
DA:1315,1
DA:1316,3
DA:1317,1
DA:1324,25
DA:1325,3
DA:1326,1
DA:1327,3
DA:1328,1
DA:1329,1
DA:1330,2
DA:1331,0
DA:1332,1
DA:1333,1
DA:1334,0
DA:1335,1
DA:1336,1
DA:1337,1
DA:1338,0
DA:1339,1
DA:1340,0
DA:1341,0
DA:1342,0
DA:1343,1
DA:1344,1
DA:1345,0
DA:1362,25
DA:1363,3
DA:1364,1
DA:1365,3
DA:1366,1
DA:1367,1
DA:1368,1
DA:1369,1
DA:1370,1
DA:1371,0
DA:1372,0
DA:1373,1
DA:1374,0
DA:1375,0
DA:1376,1
DA:1377,0
DA:1378,1
DA:1379,0
DA:1380,0
DA:1381,1
DA:1382,1
DA:1383,0
DA:1384,1
DA:1385,3
DA:1386,1
DA:1387,1
DA:1388,3
DA:1389,1
DA:1390,0
DA:1391,1
DA:1392,1
DA:1393,1
DA:1394,1
DA:1395,1
DA:1396,1
DA:1397,1
DA:1398,1
DA:1399,2
DA:1400,0
DA:1401,1
DA:1402,1
DA:1460,13
DA:1461,13
DA:1462,2
DA:1463,2
DA:1464,11
DA:1465,0
DA:1467,2
DA:1468,2
DA:1469,11
DA:1470,0
DA:1472,2
DA:1473,2
DA:1474,11
DA:1475,0
DA:1477,2
DA:1478,2
DA:1479,11
DA:1480,0
DA:1482,2
DA:1483,2
DA:1484,11
DA:1485,0
DA:1487,2
DA:1488,2
DA:1489,11
DA:1490,0
DA:1492,2
DA:1493,2
DA:1494,11
DA:1495,0
DA:1497,2
DA:1498,2
DA:1499,11
DA:1500,0
DA:1502,2
DA:1503,2
DA:1504,11
DA:1505,0
DA:1507,2
DA:1508,2
DA:1509,11
DA:1510,0
DA:1512,2
DA:1513,2
DA:1514,11
DA:1515,0
DA:1517,2
DA:1518,2
DA:1519,11
DA:1520,0
DA:1546,1
DA:1594,25
DA:1595,1
DA:1596,2
DA:1597,0
DA:1598,0
DA:1599,2
DA:1600,0
DA:1601,1
DA:1602,1
DA:1603,0
DA:1604,1
DA:1605,0
DA:1624,4
DA:1625,2
DA:1626,0
DA:1627,1
DA:1628,0
DA:1629,1
DA:1630,1
DA:1631,4
DA:1632,2
DA:1634,4
DA:1635,2
DA:1636,2
DA:1637,1
DA:1638,0
DA:1639,0
DA:1640,1
DA:1641,4
DA:1642,2
DA:1644,2
DA:1645,2
DA:1646,0
DA:1647,1
DA:1648,0
DA:1649,1
DA:1650,1
DA:1651,2
DA:1652,2
DA:1654,4
DA:1655,2
DA:1656,1
DA:1657,1
DA:1658,0
DA:1659,0
DA:1660,1
DA:1661,4
DA:1662,2
DA:1697,13
DA:1698,13
DA:1699,0
DA:1701,13
DA:1702,1
DA:1703,1
DA:1705,13
DA:1706,0
DA:1708,13
DA:1709,1
DA:1710,1
DA:1712,13
DA:1713,0
DA:1715,13
DA:1716,1
DA:1717,1
DA:1719,13
DA:1720,0
DA:1722,13
DA:1723,1
DA:1724,1
DA:1750,1
DA:1802,1
DA:1803,3
DA:1804,1
DA:1805,3
DA:1806,1
DA:1807,0
DA:1808,1
DA:1809,2
DA:1810,0
DA:1812,2
DA:1819,25
DA:1820,3
DA:1821,1
DA:1822,3
DA:1823,1
DA:1824,1
DA:1825,0
DA:1826,1
DA:1827,1
DA:1828,3
DA:1829,1
DA:1830,0
DA:1831,1
DA:1832,2
DA:1833,1
DA:1834,0
DA:1835,1
DA:1836,0
DA:1837,1
DA:1838,0
DA:1852,25
DA:1853,1
DA:1854,2
DA:1855,0
DA:1856,0
DA:1857,2
DA:1858,0
DA:1859,1
DA:1860,1
DA:1861,0
DA:1862,1
DA:1863,0
DA:1864,1
DA:1865,3
DA:1866,1
DA:1867,3
DA:1868,1
DA:1869,0
DA:1870,1
DA:1871,2
DA:1872,0
DA:1873,2
DA:1874,1
DA:1875,0
DA:1876,1
DA:1877,1
DA:1878,0
DA:1879,1
DA:1880,1
DA:1881,0
DA:1882,1
DA:1930,13
DA:1931,13
DA:1932,2
DA:1933,2
DA:1934,1
DA:1935,1
DA:1937,2
DA:1938,2
DA:1939,1
DA:1940,1
DA:1942,2
DA:1943,2
DA:1944,1
DA:1945,1
DA:1947,2
DA:1948,2
DA:1949,1
DA:1950,1
DA:1952,13
DA:1953,2
DA:1954,2
DA:1955,11
DA:1956,0
DA:1958,2
DA:1959,2
DA:1960,11
DA:1961,0
DA:1963,2
DA:1964,2
DA:1965,11
DA:1966,0
DA:1968,2
DA:1969,2
DA:1970,11
DA:1971,0
DA:1997,1
DA:2039,1
DA:2040,1
DA:2041,1
DA:2042,1
DA:2043,1
DA:2044,1
DA:2045,1
DA:2046,1
DA:2047,3
DA:2048,1
DA:2049,1
DA:2050,0
DA:2051,1
DA:2052,1
DA:2053,1
DA:2054,1
DA:2055,3
DA:2056,1
DA:2057,1
DA:2058,1
DA:2059,1
DA:2060,1
DA:2061,0
DA:2063,0
DA:2075,25
DA:2076,3
DA:2077,1
DA:2078,3
DA:2079,1
DA:2080,1
DA:2081,0
DA:2082,1
DA:2083,1
DA:2084,1
DA:2085,2
DA:2086,1
DA:2087,1
DA:2088,1
DA:2089,0
DA:2090,1
DA:2091,1
DA:2092,1
DA:2093,1
DA:2094,1
DA:2095,1
DA:2096,1
DA:2097,0
DA:2098,1
DA:2099,2
DA:2100,1
DA:2101,1
DA:2102,1
DA:2103,1
DA:2104,1
DA:2105,1
DA:2106,1
DA:2107,1
DA:2108,1
DA:2109,1
DA:2110,1
DA:2111,1
DA:2112,0
DA:2113,1
DA:2114,1
DA:2115,0
DA:2116,0
DA:2117,0
DA:2118,0
DA:2119,1
DA:2120,1
DA:2121,1
DA:2122,2
DA:2123,1
DA:2124,1
DA:2160,1
DA:2161,3
DA:2162,1
DA:2163,1
DA:2164,1
DA:2165,1
DA:2166,1
DA:2167,0
DA:2168,1
DA:2169,1
DA:2170,1
DA:2171,1
DA:2172,1
DA:2173,1
DA:2174,1
DA:2175,0
DA:2176,1
DA:2177,3
DA:2178,1
DA:2179,1
DA:2180,2
DA:2181,0
DA:2182,1
DA:2183,1
DA:2184,0
DA:2185,1
DA:2186,1
DA:2187,1
DA:2188,0
DA:2189,1
DA:2190,0
DA:2191,1
DA:2192,3
DA:2193,1
DA:2194,1
DA:2195,0
DA:2196,1
DA:2197,1
DA:2198,25
DA:2199,3
DA:2200,1
DA:2201,1
DA:2202,1
DA:2203,1
DA:2204,1
DA:2205,0
DA:2206,0
DA:2207,1
DA:2208,1
DA:2209,1
DA:2210,1
DA:2211,1
DA:2212,1
DA:2213,0
DA:2214,0
DA:2215,1
DA:2216,1
DA:2217,1
DA:2218,1
DA:2219,0
DA:2220,1
DA:2221,1
DA:2222,0
DA:2223,1
DA:2224,1
DA:2225,0
DA:2226,1
DA:2227,1
DA:2228,1
DA:2229,0
DA:2230,0
DA:2231,0
DA:2232,1
DA:2233,0
DA:2234,1
DA:2235,2
DA:2236,0
DA:2237,1
DA:2238,1
DA:2239,0
DA:2240,1
DA:2241,1
DA:2242,1
DA:2243,0
DA:2244,1
DA:2245,0
DA:2246,1
DA:2247,0
DA:2248,1
DA:2249,1
DA:2250,0
DA:2251,0
DA:2252,1
DA:2253,1
DA:2254,0
DA:2255,1
DA:2256,0
DA:2257,1
DA:2258,0
DA:2259,25
DA:2260,3
DA:2261,1
DA:2262,0
DA:2263,0
DA:2264,0
DA:2265,0
DA:2266,0
DA:2267,1
DA:2268,0
DA:2269,0
DA:2270,0
DA:2271,0
DA:2272,0
DA:2273,1
DA:2274,1
DA:2275,0
DA:2276,0
DA:2277,0
DA:2278,1
DA:2279,0
DA:2280,1
DA:2281,0
DA:2282,0
DA:2283,1
DA:2284,0
DA:2285,1
DA:2286,1
DA:2287,2
DA:2288,0
DA:2289,1
DA:2290,1
DA:2291,0
DA:2292,1
DA:2293,1
DA:2294,3
DA:2295,1
DA:2296,0
DA:2297,1
DA:2298,2
DA:2299,1
DA:2300,0
DA:2301,1
DA:2302,0
DA:2303,1
DA:2304,0
DA:2305,0
DA:2306,0
DA:2307,1
DA:2308,1
DA:2309,0
DA:2310,1
DA:2311,1
DA:2312,1
DA:2313,1
DA:2314,0
DA:2315,1
DA:2316,2
DA:2317,1
DA:2318,1
DA:2319,1
DA:2320,1
DA:2321,0
DA:2322,0
DA:2323,0
DA:2324,0
DA:2325,1
DA:2326,1
DA:2327,1
DA:2328,1
DA:2329,1
DA:2330,1
DA:2331,1
DA:2332,0
DA:2333,1
DA:2334,25
DA:2335,3
DA:2336,1
DA:2337,3
DA:2338,1
DA:2339,1
DA:2340,2
DA:2341,0
DA:2342,1
DA:2343,1
DA:2344,0
DA:2345,1
DA:2346,1
DA:2347,1
DA:2348,0
DA:2349,1
DA:2350,0
DA:2351,0
DA:2352,0
DA:2353,1
DA:2354,1
DA:2355,0
DA:2356,25
DA:2357,3
DA:2358,1
DA:2359,3
DA:2360,1
DA:2361,1
DA:2362,0
DA:2363,1
DA:2364,1
DA:2365,3
DA:2366,1
DA:2367,0
DA:2368,1
DA:2369,2
DA:2370,1
DA:2371,0
DA:2372,1
DA:2373,0
DA:2374,1
DA:2375,0
DA:2376,1
DA:2377,1
DA:2378,1
DA:2379,1
DA:2380,1
DA:2381,1
DA:2382,1
DA:2383,1
DA:2384,3
DA:2385,1
DA:2386,1
DA:2387,0
DA:2388,1
DA:2389,1
DA:2390,1
DA:2391,1
DA:2392,3
DA:2393,1
DA:2394,1
DA:2395,1
DA:2396,1
DA:2397,1
DA:2398,0
DA:2400,1
DA:2404,1
DA:2405,1
DA:2406,1
DA:2407,0
DA:2408,0
DA:2409,1
DA:2410,0
DA:2414,0
DA:2415,0
DA:2416,1
DA:2417,1
DA:2418,0
DA:2419,0
DA:2420,0
DA:2421,0
DA:2422,0
DA:2423,0
DA:2424,1
DA:2425,1
DA:2426,0
DA:2427,0
DA:2428,0
DA:2429,1
DA:2430,0
DA:2431,1
DA:2432,0
DA:2433,0
DA:2434,1
DA:2435,0
DA:2436,1
DA:2437,1
DA:2852,13
DA:2853,2
DA:2854,2
DA:2855,1
DA:2856,1
DA:2857,10
DA:2858,10
DA:2860,13
DA:2861,0
DA:2863,13
DA:2864,0
DA:2866,13
DA:2867,0
DA:2869,13
DA:2870,0
DA:2872,13
DA:2873,0
DA:2875,13
DA:2876,0
DA:2878,2
DA:2879,2
DA:2880,11
DA:2881,0
DA:2882,11
DA:2883,11
DA:2885,13
DA:2886,0
DA:2888,13
DA:2889,0
DA:2891,13
DA:2892,0
DA:2894,13
DA:2895,0
DA:2897,13
DA:2898,0
DA:2900,13
DA:2901,0
DA:2903,13
DA:2904,0
DA:2906,13
DA:2907,0
DA:2909,13
DA:2910,0
DA:2912,13
DA:2913,0
DA:2915,13
DA:2916,0
DA:2918,13
DA:2919,0
DA:2921,13
DA:2922,0
DA:2924,13
DA:2925,0
DA:2927,13
DA:2928,0
DA:2930,13
DA:2931,0
DA:2933,13
DA:2934,0
DA:2936,13
DA:2937,0
DA:2939,13
DA:2940,0
DA:2942,13
DA:2943,0
DA:2945,13
DA:2946,0
DA:2948,13
DA:2949,0
DA:2951,13
DA:2952,0
DA:2954,13
DA:2955,0
DA:2981,1
LF:1238
LH:824
end_of_record
TN:verilator_coverage
SF:/home/heke/ysyx/uc4xs_newcomer/cache-ut/Cache/Cache_top.sv
FNF:0
FNH:0
DA:4,25
DA:5,3
DA:6,1
DA:7,3
DA:8,1
DA:9,1
DA:10,0
DA:11,1
DA:12,1
DA:13,1
DA:14,2
DA:15,1
DA:16,1
DA:17,1
DA:18,0
DA:19,1
DA:20,1
DA:21,1
DA:22,1
DA:23,1
DA:24,1
DA:25,1
DA:26,0
DA:27,1
DA:28,2
DA:29,1
DA:30,1
DA:31,1
DA:32,1
DA:33,1
DA:34,1
DA:35,1
DA:36,1
DA:37,1
DA:38,1
DA:39,1
DA:40,1
DA:41,0
DA:42,1
DA:43,1
DA:44,0
DA:45,0
DA:46,0
DA:47,0
DA:48,1
DA:49,1
DA:50,1
DA:51,2
DA:52,1
DA:53,1
DA:189,0
DA:191,0
DA:194,26
DA:196,26
DA:199,0
DA:201,0
DA:204,2
DA:206,2
DA:209,1
DA:211,1
DA:214,0
DA:216,0
DA:219,3
DA:221,3
DA:224,0
DA:226,0
DA:229,2
DA:231,2
DA:234,0
DA:236,0
DA:239,1
DA:241,1
DA:244,0
DA:246,0
DA:249,1
DA:251,1
DA:254,0
DA:256,0
DA:259,2
DA:261,2
DA:264,0
DA:266,0
DA:269,2
DA:271,2
DA:274,0
DA:276,0
DA:279,1
DA:281,1
DA:284,0
DA:286,0
DA:289,2
DA:291,2
DA:294,1
DA:296,1
DA:299,1
DA:301,1
DA:304,1
DA:306,1
DA:309,1
DA:311,1
DA:314,0
DA:316,0
DA:319,1
DA:321,1
DA:324,0
DA:326,0
DA:329,2
DA:331,2
DA:334,1
DA:336,1
DA:339,1
DA:341,1
DA:344,1
DA:346,1
DA:349,1
DA:351,1
DA:354,1
DA:356,1
DA:359,1
DA:361,1
DA:364,2
DA:366,2
DA:369,0
DA:371,0
DA:374,3
DA:376,3
DA:379,0
DA:381,0
DA:384,2
DA:386,2
DA:389,0
DA:391,0
DA:394,2
DA:396,2
DA:399,1
DA:401,1
DA:404,0
DA:406,0
DA:409,1
DA:411,1
DA:414,0
DA:416,0
DA:419,1
DA:421,1
DA:424,0
DA:426,0
DA:429,1
DA:431,1
DA:434,0
DA:436,0
DA:439,1
DA:441,1
DA:444,0
DA:446,0
DA:449,1
DA:451,1
DA:454,0
DA:456,0
DA:459,1
DA:461,1
DA:464,0
DA:466,0
DA:469,1
DA:471,1
DA:474,1
DA:476,1
DA:479,1
DA:481,1
DA:484,1
DA:486,1
DA:489,0
DA:491,0
DA:494,1
DA:496,1
DA:499,1
DA:501,1
DA:504,1
DA:506,1
DA:509,1
DA:511,1
DA:514,1
DA:516,1
DA:519,1
DA:521,1
DA:524,1
DA:526,1
DA:529,1
DA:531,1
DA:534,0
DA:536,0
DA:539,1
DA:541,1
DA:544,0
DA:546,0
DA:549,1
DA:551,1
DA:554,0
DA:556,0
DA:559,1
DA:561,1
DA:564,2
DA:566,2
DA:571,1
DA:572,1
DA:573,1
DA:577,0
DA:578,0
LF:207
LH:145
end_of_record
