TN:verilator_coverage
SF:/home/heke/ysyx/uc4xs_newcomer/cache-ut/Cache/Cache.v
FNF:0
FNH:0
DA:2,9
DA:3,10
DA:4,5
DA:5,5
DA:6,4
DA:7,4
DA:8,4
DA:9,2
DA:10,9
DA:11,7
DA:12,5
DA:13,5
DA:14,4
DA:15,4
DA:16,4
DA:17,2
DA:18,5
DA:19,10
DA:20,4
DA:21,5
DA:22,5
DA:23,4
DA:24,3
DA:25,5
DA:26,4
DA:27,4
DA:28,7
DA:29,4
DA:30,3
DA:31,5
DA:32,2
DA:33,6
DA:34,10
DA:35,4
DA:36,7
DA:37,4
DA:38,3
DA:39,5
DA:56,286
DA:57,10
DA:58,9
DA:59,9
DA:60,3
DA:61,3
DA:62,4
DA:63,3
DA:64,4
DA:65,3
DA:66,10
DA:67,9
DA:68,3
DA:69,3
DA:70,4
DA:71,3
DA:72,4
DA:73,3
DA:74,4
DA:75,5
DA:76,3
DA:77,5
DA:78,5
DA:79,5
DA:80,4
DA:81,6
DA:82,7
DA:83,4
DA:84,3
DA:85,5
DA:86,2
DA:87,4
DA:88,2
DA:89,4
DA:90,1
DA:91,1
DA:92,5
DA:93,5
DA:94,4
DA:95,3
DA:96,5
DA:97,4
DA:98,4
DA:99,7
DA:100,4
DA:101,3
DA:102,5
DA:103,2
DA:104,7
DA:105,4
DA:106,3
DA:107,5
DA:108,2
DA:109,3
DA:110,3
DA:111,3
DA:112,4
DA:113,6
DA:114,2
DA:115,5
DA:116,4
DA:128,2
DA:129,3
DA:130,3
DA:131,2
DA:132,5
DA:137,4
DA:138,0
DA:139,2
DA:143,4
DA:144,1
DA:145,3
DA:146,3
DA:147,3
DA:148,4
DA:149,4
DA:150,3
DA:151,7
DA:152,5
DA:153,6
DA:154,4
DA:155,4
DA:160,1
DA:161,69
DA:162,71
DA:165,40
DA:170,4
DA:171,3
DA:174,4
DA:176,4
DA:188,3
DA:189,3
DA:191,3
DA:192,2
DA:221,144
DA:222,6
DA:223,6
DA:224,2
DA:225,136
DA:226,2
DA:227,2
DA:229,144
DA:230,0
DA:232,144
DA:233,0
DA:235,144
DA:236,0
DA:238,6
DA:239,6
DA:240,138
DA:241,0
DA:242,138
DA:243,138
DA:245,6
DA:246,6
DA:247,2
DA:248,136
DA:249,2
DA:250,2
DA:252,144
DA:253,0
DA:255,144
DA:256,0
DA:262,0
DA:263,0
DA:274,144
DA:305,5
DA:343,3
DA:344,3
DA:345,4
DA:346,4
DA:347,1
DA:348,3
DA:349,2
DA:350,4
DA:351,4
DA:352,2
DA:353,3
DA:354,3
DA:355,3
DA:356,4
DA:358,1
DA:366,6
DA:367,3
DA:368,2
DA:369,4
DA:370,2
DA:371,4
DA:372,5
DA:373,4
DA:374,6
DA:375,2
DA:376,5
DA:377,4
DA:379,5
DA:386,286
DA:387,10
DA:388,10
DA:389,5
DA:390,2
DA:391,3
DA:392,5
DA:393,4
DA:394,2
DA:395,2
DA:396,3
DA:397,1
DA:398,3
DA:399,3
DA:400,5
DA:401,4
DA:402,1
DA:403,3
DA:404,3
DA:405,2
DA:406,3
DA:407,4
DA:408,3
DA:409,4
DA:410,4
DA:411,3
DA:412,2
DA:413,3
DA:414,8
DA:415,6
DA:416,2
DA:417,4
DA:418,2
DA:419,4
DA:420,5
DA:421,11
DA:422,3
DA:423,3
DA:424,5
DA:425,4
DA:426,4
DA:427,3
DA:428,6
DA:429,2
DA:430,5
DA:431,4
DA:432,2
DA:433,3
DA:434,3
DA:435,3
DA:436,4
DA:437,6
DA:438,3
DA:439,4
DA:440,3
DA:441,2
DA:442,3
DA:443,4
DA:444,6
DA:445,4
DA:446,3
DA:447,3
DA:448,2
DA:449,3
DA:450,5
DA:451,4
DA:452,2
DA:453,3
DA:454,5
DA:455,2
DA:456,2
DA:457,4
DA:458,4
DA:459,2
DA:460,4
DA:479,3
DA:480,3
DA:481,4
DA:482,4
DA:483,1
DA:484,3
DA:485,2
DA:486,4
DA:487,4
DA:488,2
DA:489,3
DA:490,3
DA:491,3
DA:492,4
DA:493,6
DA:494,3
DA:495,2
DA:496,4
DA:497,2
DA:498,4
DA:499,5
DA:500,4
DA:501,6
DA:502,2
DA:503,5
DA:504,4
DA:505,2
DA:506,3
DA:507,3
DA:508,5
DA:509,2
DA:511,4
DA:513,3
DA:514,3
DA:522,4
DA:524,4
DA:532,4
DA:543,3
DA:544,1
DA:551,6
DA:556,3
DA:557,7
DA:558,3
DA:560,3
DA:561,5
DA:562,3
DA:567,5
DA:568,3
DA:569,3
DA:570,2
DA:582,4
DA:583,3
DA:586,4
DA:588,8
DA:589,6
DA:593,6
DA:595,2
DA:599,4
DA:600,5
DA:602,2
DA:605,4
DA:607,6
DA:608,3
DA:610,2
DA:662,2
DA:663,1
DA:752,144
DA:753,6
DA:754,6
DA:755,132
DA:756,132
DA:757,0
DA:758,0
DA:759,6
DA:760,0
DA:761,6
DA:762,6
DA:764,6
DA:765,6
DA:766,132
DA:767,0
DA:768,0
DA:769,0
DA:771,132
DA:772,0
DA:773,132
DA:774,132
DA:776,0
DA:777,0
DA:778,0
DA:780,6
DA:781,0
DA:782,6
DA:783,6
DA:785,6
DA:786,6
DA:787,138
DA:788,0
DA:789,138
DA:790,138
DA:792,6
DA:793,6
DA:794,132
DA:795,0
DA:796,0
DA:797,0
DA:799,132
DA:800,0
DA:802,0
DA:803,0
DA:804,6
DA:807,6
DA:808,6
DA:809,6
DA:810,0
DA:811,6
DA:812,6
DA:816,6
DA:817,6
DA:818,137
DA:819,137
DA:820,0
DA:822,0
DA:823,0
DA:824,0
DA:825,1
DA:827,142
DA:828,2
DA:830,142
DA:831,2
DA:833,142
DA:834,2
DA:836,142
DA:837,2
DA:839,6
DA:840,6
DA:841,132
DA:842,132
DA:843,0
DA:844,0
DA:845,6
DA:848,6
DA:849,6
DA:850,6
DA:851,132
DA:852,6
DA:853,6
DA:855,5
DA:856,1
DA:857,0
DA:858,1
DA:859,1
DA:862,6
DA:863,6
DA:864,138
DA:865,0
DA:867,6
DA:868,6
DA:869,138
DA:870,0
DA:876,0
DA:877,0
DA:889,144
DA:900,0
DA:901,0
DA:913,144
DA:924,0
DA:925,0
DA:937,144
DA:948,0
DA:949,0
DA:961,144
DA:992,5
DA:1044,286
DA:1045,10
DA:1046,5
DA:1047,10
DA:1048,4
DA:1049,4
DA:1050,3
DA:1051,3
DA:1052,2
DA:1053,3
DA:1054,1
DA:1055,1
DA:1056,2
DA:1057,2
DA:1058,5
DA:1059,2
DA:1060,3
DA:1061,2
DA:1062,3
DA:1063,3
DA:1064,3
DA:1065,4
DA:1086,8
DA:1087,0
DA:1088,3
DA:1089,1
DA:1090,5
DA:1091,4
DA:1092,5
DA:1093,8
DA:1094,0
DA:1096,8
DA:1097,4
DA:1098,3
DA:1099,1
DA:1100,5
DA:1101,4
DA:1102,5
DA:1103,8
DA:1104,4
DA:1106,8
DA:1107,2
DA:1108,4
DA:1109,1
DA:1110,5
DA:1111,2
DA:1112,5
DA:1113,8
DA:1114,2
DA:1116,7
DA:1117,3
DA:1118,3
DA:1119,1
DA:1120,5
DA:1121,6
DA:1122,5
DA:1123,7
DA:1124,3
DA:1125,3
DA:1126,6
DA:1127,4
DA:1129,2
DA:1131,5
DA:1134,4
DA:1180,144
DA:1181,10
DA:1182,134
DA:1184,144
DA:1185,5
DA:1186,1
DA:1188,10
DA:1189,134
DA:1191,144
DA:1192,5
DA:1193,1
DA:1195,10
DA:1196,134
DA:1198,144
DA:1199,5
DA:1200,1
DA:1202,10
DA:1203,134
DA:1205,144
DA:1206,5
DA:1207,1
DA:1209,144
DA:1210,6
DA:1211,6
DA:1212,9
DA:1213,129
DA:1239,5
DA:1295,5
DA:1296,10
DA:1297,4
DA:1298,5
DA:1299,10
DA:1300,4
DA:1307,286
DA:1308,10
DA:1309,5
DA:1310,10
DA:1311,4
DA:1312,5
DA:1313,5
DA:1314,4
DA:1315,3
DA:1316,5
DA:1317,4
DA:1318,4
DA:1319,7
DA:1320,4
DA:1321,3
DA:1322,5
DA:1323,2
DA:1324,2
DA:1325,3
DA:1326,3
DA:1327,3
DA:1328,4
DA:1345,286
DA:1346,10
DA:1347,5
DA:1348,10
DA:1349,4
DA:1350,4
DA:1351,3
DA:1352,3
DA:1353,2
DA:1354,3
DA:1355,1
DA:1356,1
DA:1357,2
DA:1358,2
DA:1359,5
DA:1360,2
DA:1361,3
DA:1362,2
DA:1363,3
DA:1364,3
DA:1365,3
DA:1366,4
DA:1367,5
DA:1368,10
DA:1369,4
DA:1370,5
DA:1371,10
DA:1372,4
DA:1373,7
DA:1374,5
DA:1375,4
DA:1376,3
DA:1377,4
DA:1378,4
DA:1379,8
DA:1380,5
DA:1381,5
DA:1382,3
DA:1383,4
DA:1384,4
DA:1385,3
DA:1443,144
DA:1444,144
DA:1445,6
DA:1446,6
DA:1447,1
DA:1448,1
DA:1450,6
DA:1451,6
DA:1452,1
DA:1453,1
DA:1455,6
DA:1456,6
DA:1457,1
DA:1458,1
DA:1460,6
DA:1461,6
DA:1462,1
DA:1463,1
DA:1465,6
DA:1466,6
DA:1467,1
DA:1468,1
DA:1470,6
DA:1471,6
DA:1472,1
DA:1473,1
DA:1475,6
DA:1476,6
DA:1477,1
DA:1478,1
DA:1480,6
DA:1481,6
DA:1482,1
DA:1483,1
DA:1485,6
DA:1486,6
DA:1487,1
DA:1488,1
DA:1490,6
DA:1491,6
DA:1492,1
DA:1493,1
DA:1495,6
DA:1496,6
DA:1497,1
DA:1498,1
DA:1500,6
DA:1501,6
DA:1502,1
DA:1503,1
DA:1529,5
DA:1577,286
DA:1578,6
DA:1579,11
DA:1580,1
DA:1581,2
DA:1582,4
DA:1583,2
DA:1584,4
DA:1585,6
DA:1586,2
DA:1587,5
DA:1588,4
DA:1607,9
DA:1608,5
DA:1609,2
DA:1610,5
DA:1611,2
DA:1612,3
DA:1613,6
DA:1614,9
DA:1615,5
DA:1617,6
DA:1618,5
DA:1619,4
DA:1620,5
DA:1621,2
DA:1622,1
DA:1623,6
DA:1624,6
DA:1625,5
DA:1627,8
DA:1628,5
DA:1629,2
DA:1630,5
DA:1631,2
DA:1632,4
DA:1633,6
DA:1634,8
DA:1635,5
DA:1637,6
DA:1638,5
DA:1639,4
DA:1640,5
DA:1641,2
DA:1642,4
DA:1643,6
DA:1644,6
DA:1645,5
DA:1680,144
DA:1681,144
DA:1682,0
DA:1684,144
DA:1685,16
DA:1686,128
DA:1688,143
DA:1689,1
DA:1691,144
DA:1692,16
DA:1693,128
DA:1695,144
DA:1696,0
DA:1698,144
DA:1699,16
DA:1700,128
DA:1702,5
DA:1703,1
DA:1705,144
DA:1706,16
DA:1707,128
DA:1733,5
DA:1785,6
DA:1786,10
DA:1787,4
DA:1788,11
DA:1789,3
DA:1790,3
DA:1791,6
DA:1792,11
DA:1793,1
DA:1795,10
DA:1802,286
DA:1803,10
DA:1804,6
DA:1805,10
DA:1806,4
DA:1807,7
DA:1808,4
DA:1809,3
DA:1810,5
DA:1811,11
DA:1812,3
DA:1813,3
DA:1814,5
DA:1815,4
DA:1816,4
DA:1817,3
DA:1818,6
DA:1819,2
DA:1820,5
DA:1821,4
DA:1835,286
DA:1836,6
DA:1837,11
DA:1838,1
DA:1839,2
DA:1840,4
DA:1841,2
DA:1842,4
DA:1843,6
DA:1844,2
DA:1845,5
DA:1846,4
DA:1847,6
DA:1848,10
DA:1849,4
DA:1850,11
DA:1851,3
DA:1852,3
DA:1853,6
DA:1854,11
DA:1855,1
DA:1856,7
DA:1857,4
DA:1858,6
DA:1859,5
DA:1860,7
DA:1861,5
DA:1862,3
DA:1863,3
DA:1864,4
DA:1865,2
DA:1913,144
DA:1914,144
DA:1915,6
DA:1916,6
DA:1917,11
DA:1918,127
DA:1920,6
DA:1921,6
DA:1922,11
DA:1923,127
DA:1925,6
DA:1926,6
DA:1927,11
DA:1928,127
DA:1930,6
DA:1931,6
DA:1932,11
DA:1933,127
DA:1935,144
DA:1936,6
DA:1937,6
DA:1938,138
DA:1939,0
DA:1941,6
DA:1942,6
DA:1943,138
DA:1944,0
DA:1946,6
DA:1947,6
DA:1948,138
DA:1949,0
DA:1951,6
DA:1952,6
DA:1953,138
DA:1954,0
DA:1980,5
DA:2022,9
DA:2023,6
DA:2024,5
DA:2025,3
DA:2026,5
DA:2027,7
DA:2028,4
DA:2029,8
DA:2030,8
DA:2031,4
DA:2032,5
DA:2033,4
DA:2034,5
DA:2035,4
DA:2036,5
DA:2037,9
DA:2038,10
DA:2039,5
DA:2040,5
DA:2041,4
DA:2042,4
DA:2043,4
DA:2044,2
DA:2046,8
DA:2058,286
DA:2059,10
DA:2060,8
DA:2061,8
DA:2062,4
DA:2063,5
DA:2064,4
DA:2065,5
DA:2066,4
DA:2067,5
DA:2068,8
DA:2069,8
DA:2070,2
DA:2071,4
DA:2072,2
DA:2073,5
DA:2074,6
DA:2075,3
DA:2076,4
DA:2077,4
DA:2078,3
DA:2079,3
DA:2080,2
DA:2081,3
DA:2082,4
DA:2083,6
DA:2084,4
DA:2085,9
DA:2086,6
DA:2087,5
DA:2088,3
DA:2089,5
DA:2090,7
DA:2091,4
DA:2092,2
DA:2093,4
DA:2094,4
DA:2095,2
DA:2096,3
DA:2097,3
DA:2098,2
DA:2099,3
DA:2100,5
DA:2101,4
DA:2102,2
DA:2103,3
DA:2104,5
DA:2105,3
DA:2106,2
DA:2107,9
DA:2143,9
DA:2144,10
DA:2145,5
DA:2146,5
DA:2147,4
DA:2148,4
DA:2149,4
DA:2150,2
DA:2151,9
DA:2152,7
DA:2153,5
DA:2154,5
DA:2155,4
DA:2156,4
DA:2157,4
DA:2158,2
DA:2159,5
DA:2160,10
DA:2161,4
DA:2162,5
DA:2163,5
DA:2164,4
DA:2165,3
DA:2166,5
DA:2167,4
DA:2168,4
DA:2169,7
DA:2170,4
DA:2171,3
DA:2172,5
DA:2173,2
DA:2174,6
DA:2175,10
DA:2176,4
DA:2177,7
DA:2178,4
DA:2179,3
DA:2180,5
DA:2181,286
DA:2182,10
DA:2183,9
DA:2184,9
DA:2185,3
DA:2186,3
DA:2187,4
DA:2188,3
DA:2189,4
DA:2190,3
DA:2191,10
DA:2192,9
DA:2193,3
DA:2194,3
DA:2195,4
DA:2196,3
DA:2197,4
DA:2198,3
DA:2199,4
DA:2200,5
DA:2201,3
DA:2202,5
DA:2203,5
DA:2204,5
DA:2205,4
DA:2206,6
DA:2207,7
DA:2208,4
DA:2209,3
DA:2210,5
DA:2211,2
DA:2212,4
DA:2213,2
DA:2214,4
DA:2215,1
DA:2216,1
DA:2217,5
DA:2218,5
DA:2219,4
DA:2220,3
DA:2221,5
DA:2222,4
DA:2223,4
DA:2224,7
DA:2225,4
DA:2226,3
DA:2227,5
DA:2228,2
DA:2229,7
DA:2230,4
DA:2231,3
DA:2232,5
DA:2233,2
DA:2234,3
DA:2235,3
DA:2236,3
DA:2237,4
DA:2238,6
DA:2239,2
DA:2240,5
DA:2241,4
DA:2242,286
DA:2243,10
DA:2244,10
DA:2245,5
DA:2246,2
DA:2247,3
DA:2248,5
DA:2249,4
DA:2250,2
DA:2251,2
DA:2252,3
DA:2253,1
DA:2254,3
DA:2255,3
DA:2256,5
DA:2257,4
DA:2258,1
DA:2259,3
DA:2260,3
DA:2261,2
DA:2262,3
DA:2263,4
DA:2264,3
DA:2265,4
DA:2266,4
DA:2267,3
DA:2268,2
DA:2269,3
DA:2270,8
DA:2271,6
DA:2272,2
DA:2273,4
DA:2274,2
DA:2275,4
DA:2276,5
DA:2277,11
DA:2278,3
DA:2279,3
DA:2280,5
DA:2281,4
DA:2282,4
DA:2283,3
DA:2284,6
DA:2285,2
DA:2286,5
DA:2287,4
DA:2288,2
DA:2289,3
DA:2290,3
DA:2291,3
DA:2292,4
DA:2293,6
DA:2294,3
DA:2295,4
DA:2296,3
DA:2297,2
DA:2298,3
DA:2299,4
DA:2300,6
DA:2301,4
DA:2302,3
DA:2303,3
DA:2304,2
DA:2305,3
DA:2306,5
DA:2307,4
DA:2308,2
DA:2309,3
DA:2310,5
DA:2311,2
DA:2312,2
DA:2313,4
DA:2314,4
DA:2315,2
DA:2316,4
DA:2317,286
DA:2318,10
DA:2319,5
DA:2320,10
DA:2321,4
DA:2322,5
DA:2323,5
DA:2324,4
DA:2325,3
DA:2326,5
DA:2327,4
DA:2328,4
DA:2329,7
DA:2330,4
DA:2331,3
DA:2332,5
DA:2333,2
DA:2334,2
DA:2335,3
DA:2336,3
DA:2337,3
DA:2338,4
DA:2339,286
DA:2340,10
DA:2341,6
DA:2342,10
DA:2343,4
DA:2344,7
DA:2345,4
DA:2346,3
DA:2347,5
DA:2348,11
DA:2349,3
DA:2350,3
DA:2351,5
DA:2352,4
DA:2353,4
DA:2354,3
DA:2355,6
DA:2356,2
DA:2357,5
DA:2358,4
DA:2359,9
DA:2360,6
DA:2361,5
DA:2362,3
DA:2363,5
DA:2364,7
DA:2365,4
DA:2366,8
DA:2367,8
DA:2368,4
DA:2369,5
DA:2370,4
DA:2371,5
DA:2372,4
DA:2373,5
DA:2374,9
DA:2375,10
DA:2376,5
DA:2377,5
DA:2378,4
DA:2379,4
DA:2380,4
DA:2381,2
DA:2383,9
DA:2387,3
DA:2388,3
DA:2389,4
DA:2390,3
DA:2391,4
DA:2392,3
DA:2393,5
DA:2397,4
DA:2398,2
DA:2399,3
DA:2400,5
DA:2401,3
DA:2402,1
DA:2403,3
DA:2404,1
DA:2405,3
DA:2406,3
DA:2407,5
DA:2408,4
DA:2409,1
DA:2410,3
DA:2411,3
DA:2412,2
DA:2413,3
DA:2414,4
DA:2415,3
DA:2416,4
DA:2417,4
DA:2418,3
DA:2419,2
DA:2420,3
DA:2833,144
DA:2834,6
DA:2835,6
DA:2836,1
DA:2837,1
DA:2838,137
DA:2839,137
DA:2841,5
DA:2842,1
DA:2844,5
DA:2845,1
DA:2847,5
DA:2848,1
DA:2850,5
DA:2851,1
DA:2853,5
DA:2854,1
DA:2856,5
DA:2857,1
DA:2859,6
DA:2860,6
DA:2861,138
DA:2862,0
DA:2863,138
DA:2864,138
DA:2866,5
DA:2867,1
DA:2869,5
DA:2870,1
DA:2872,5
DA:2873,1
DA:2875,5
DA:2876,1
DA:2878,5
DA:2879,1
DA:2881,5
DA:2882,1
DA:2884,5
DA:2885,1
DA:2887,5
DA:2888,1
DA:2890,5
DA:2891,1
DA:2893,5
DA:2894,1
DA:2896,5
DA:2897,1
DA:2899,5
DA:2900,1
DA:2902,5
DA:2903,1
DA:2905,5
DA:2906,1
DA:2908,5
DA:2909,1
DA:2911,5
DA:2912,1
DA:2914,5
DA:2915,1
DA:2917,5
DA:2918,1
DA:2920,5
DA:2921,1
DA:2923,5
DA:2924,1
DA:2926,5
DA:2927,1
DA:2929,5
DA:2930,1
DA:2932,5
DA:2933,1
DA:2935,5
DA:2936,1
DA:2962,5
LF:1238
LH:1184
end_of_record
TN:verilator_coverage
SF:/home/heke/ysyx/uc4xs_newcomer/cache-ut/Cache/Cache_top.sv
FNF:0
FNH:0
DA:4,286
DA:5,10
DA:6,8
DA:7,8
DA:8,4
DA:9,5
DA:10,4
DA:11,5
DA:12,4
DA:13,5
DA:14,8
DA:15,8
DA:16,2
DA:17,4
DA:18,2
DA:19,5
DA:20,6
DA:21,3
DA:22,4
DA:23,3
DA:24,3
DA:25,3
DA:26,2
DA:27,3
DA:28,4
DA:29,6
DA:30,4
DA:31,9
DA:32,6
DA:33,5
DA:34,3
DA:35,5
DA:36,7
DA:37,4
DA:38,2
DA:39,4
DA:40,4
DA:41,2
DA:42,3
DA:43,3
DA:44,2
DA:45,3
DA:46,5
DA:47,4
DA:48,2
DA:49,2
DA:50,5
DA:51,3
DA:52,2
DA:53,9
DA:189,0
DA:191,0
DA:194,288
DA:196,288
DA:199,0
DA:201,0
DA:204,6
DA:206,6
DA:209,134
DA:211,134
DA:214,0
DA:216,0
DA:219,7
DA:221,7
DA:224,0
DA:226,0
DA:229,6
DA:231,6
DA:234,0
DA:236,0
DA:239,5
DA:241,5
DA:244,0
DA:246,0
DA:249,5
DA:251,5
DA:254,0
DA:256,0
DA:259,6
DA:261,6
DA:264,0
DA:266,0
DA:269,6
DA:271,6
DA:274,0
DA:276,0
DA:279,5
DA:281,5
DA:284,0
DA:286,0
DA:289,6
DA:291,6
DA:294,6
DA:296,6
DA:299,6
DA:301,6
DA:304,6
DA:306,6
DA:309,5
DA:311,5
DA:314,0
DA:316,0
DA:319,5
DA:321,5
DA:324,0
DA:326,0
DA:329,6
DA:331,6
DA:334,6
DA:336,6
DA:339,6
DA:341,6
DA:344,6
DA:346,6
DA:349,6
DA:351,6
DA:354,6
DA:356,6
DA:359,6
DA:361,6
DA:364,7
DA:366,7
DA:369,0
DA:371,0
DA:374,7
DA:376,7
DA:379,0
DA:381,0
DA:384,6
DA:386,6
DA:389,0
DA:391,0
DA:394,6
DA:396,6
DA:399,5
DA:401,5
DA:404,0
DA:406,0
DA:409,5
DA:411,5
DA:414,0
DA:416,0
DA:419,5
DA:421,5
DA:424,0
DA:426,0
DA:429,5
DA:431,5
DA:434,0
DA:436,0
DA:439,5
DA:441,5
DA:444,0
DA:446,0
DA:449,5
DA:451,5
DA:454,0
DA:456,0
DA:459,5
DA:461,5
DA:464,0
DA:466,0
DA:469,5
DA:471,5
DA:474,5
DA:476,5
DA:479,5
DA:481,5
DA:484,5
DA:486,5
DA:489,0
DA:491,0
DA:494,5
DA:496,5
DA:499,5
DA:501,5
DA:504,5
DA:506,5
DA:509,5
DA:511,5
DA:514,5
DA:516,5
DA:519,5
DA:521,5
DA:524,5
DA:526,5
DA:529,5
DA:531,5
DA:534,0
DA:536,0
DA:539,5
DA:541,5
DA:544,0
DA:546,0
DA:549,5
DA:551,5
DA:554,0
DA:556,0
DA:559,5
DA:561,5
DA:564,6
DA:566,6
DA:571,5
DA:572,5
DA:573,5
DA:577,0
DA:578,0
LF:207
LH:153
end_of_record
