TN:verilator_coverage
SF:/home/heke/ysyx/uc4xs_newcomer/fifo_test/SyncFIFO/SyncFIFO.v
FNF:0
FNH:0
DA:2,636
DA:3,16
DA:4,136
DA:5,135
DA:6,6
DA:7,6
DA:8,6
DA:9,30
DA:14,12
DA:15,12
DA:16,6
DA:18,132
DA:23,318
DA:24,46
DA:25,46
DA:26,46
DA:27,46
DA:28,272
DA:29,64
DA:30,64
DA:31,64
DA:33,66
DA:34,66
DA:35,66
DA:40,318
DA:41,46
DA:42,117
DA:43,60
DA:44,60
LF:29
LH:29
end_of_record
TN:verilator_coverage
SF:/home/heke/ysyx/uc4xs_newcomer/fifo_test/SyncFIFO/SyncFIFO_top.sv
FNF:0
FNH:0
DA:4,636
DA:5,16
DA:6,136
DA:7,135
DA:8,6
DA:9,6
DA:10,6
DA:11,30
DA:45,207
DA:47,207
DA:50,636
DA:52,636
DA:55,0
DA:57,0
DA:60,16
DA:62,16
DA:65,0
DA:67,0
DA:70,136
DA:72,136
DA:75,0
DA:77,0
DA:80,135
DA:82,135
DA:85,0
DA:87,0
DA:90,71
DA:92,71
DA:95,279
DA:97,279
DA:100,739
DA:102,739
DA:105,758
DA:107,758
DA:110,377
DA:112,377
DA:115,1581
DA:117,1581
DA:120,377
DA:122,377
DA:127,6
DA:128,6
DA:129,6
DA:133,0
DA:134,0
LF:45
LH:35
end_of_record
